#
# A fatal error has been detected by the Java Runtime Environment:
#
#  SIGSEGV (0xb) at pc=0x000000010d5e304f, pid=28145, tid=27399
#
# JRE version: OpenJDK Runtime Environment Temurin-11.0.12+7 (11.0.12+7) (build 11.0.12+7)
# Java VM: OpenJDK 64-Bit Server VM Temurin-11.0.12+7 (11.0.12+7, mixed mode, tiered, compressed oops, g1 gc, bsd-amd64)
# Problematic frame:
# V  [libjvm.dylib+0x5e304f]  Method::bci_from(unsigned char*) const+0x15
#
# No core dump will be written. Core dumps have been disabled. To enable core dumping, try "ulimit -c unlimited" before starting Java again
#
# If you would like to submit a bug report, please visit:
#   https://github.com/adoptium/adoptium-support/issues
#

---------------  S U M M A R Y ------------

Command Line: -XX:TieredStopAtLevel=1 -Xverify:none -Dspring.output.ansi.enabled=always -javaagent:/Applications/IntelliJ IDEA.app/Contents/lib/idea_rt.jar=58349:/Applications/IntelliJ IDEA.app/Contents/bin -Dcom.sun.management.jmxremote -Dspring.jmx.enabled=true -Dspring.liveBeansView.mbeanDomain -Dspring.application.admin.enabled=true -Dfile.encoding=UTF-8 com.example.DemoApplication

Host: MacBookPro15,4 x86_64 1400 MHz, 8 cores, 8G, Darwin 20.6.0
Time: Fri Nov 26 12:22:18 2021 NST elapsed time: 1758.768429 seconds (0d 0h 29m 18s)

---------------  T H R E A D  ---------------

Current thread (0x00007fb9a1a71000):  JavaThread "HikariPool-1 housekeeper" daemon [_thread_in_vm, id=27399, stack(0x0000700011382000,0x0000700011482000)]

Stack: [0x0000700011382000,0x0000700011482000],  sp=0x0000000800052fa0,  free space=18014278283670339k
Native frames: (J=compiled Java code, A=aot compiled Java code, j=interpreted, Vv=VM code, C=native code)
V  [libjvm.dylib+0x5e304f]  Method::bci_from(unsigned char*) const+0x15

Java frames: (J=compiled Java code, j=interpreted, Vv=VM code)

[error occurred during error reporting (printing Java stack), id 0xb, SIGSEGV (0xb) at pc=0x000000010d5e2c8c]


siginfo: si_signo: 11 (SIGSEGV), si_code: 0 (unknown), si_addr: 0x0000000000000000

Register to memory mapping:

RAX=0x000000012cbfc619 is pointing into metadata
RBX=0xf0089fbf00053098 is an unknown value
RCX=0xf0089fbf00053098 is an unknown value
RDX=0x00007fb9a5ae1ae0 points into unknown readable memory: 0x000000012cbfd868 | 68 d8 bf 2c 01 00 00 00
RSP=0x0000000800052fa0 is pointing into metadata
RBP=0x0000000800052fa0 is pointing into metadata
RSI=0x000000012cbfc619 is pointing into metadata
RDI=0xf0089fbf00053098 is an unknown value
R8 =0x0000000108efc000 points into unknown readable memory: 0x0100050403020100 | 00 01 02 03 04 05 00 01
R9 =0x00007fb9a0060120 points into unknown readable memory: 0x000000007e75fe2d | 2d fe 75 7e 00 00 00 00
R10=0x0 is NULL
R11=0x0000700011481280 is pointing into the stack for thread: 0x00007fb9a1a71000
R12=0x00007fb9a1a71000 is a thread
R13=0x0000000800052fe0 is pointing into metadata
R14=0x00007fb9a1a71000 is a thread
R15=0x0000000000000001 is an unknown value


Registers:
RAX=0x000000012cbfc619, RBX=0xf0089fbf00053098, RCX=0xf0089fbf00053098, RDX=0x00007fb9a5ae1ae0
RSP=0x0000000800052fa0, RBP=0x0000000800052fa0, RSI=0x000000012cbfc619, RDI=0xf0089fbf00053098
R8 =0x0000000108efc000, R9 =0x00007fb9a0060120, R10=0x0000000000000000, R11=0x0000700011481280
R12=0x00007fb9a1a71000, R13=0x0000000800052fe0, R14=0x00007fb9a1a71000, R15=0x0000000000000001
RIP=0x000000010d5e304f, EFLAGS=0x0000000000010202, ERR=0x0000000000000000
  TRAPNO=0x000000000000000d

Top of Stack: (sp=0x0000000800052fa0)
0x0000000800052fa0:   0000000800053040 000000010d3b1d67
0x0000000800052fb0:   0000000800053098 000000011dbd1482
0x0000000800052fc0:   000000011dbcbb10 0000000100000000
0x0000000800052fd0:   0000000780448c18 0000000800053098
0x0000000800052fe0:   f0089fbf00053098 00007fb9a1a71000
0x0000000800052ff0:   000000011dbcbb10 0000000100000000
0x0000000800053000:   0000000780448c18 0000000800053098
0x0000000800053010:   f0089fbf00053098 000000010d8602f6
0x0000000800053020:   00007fb9a1a71000 000000012cbfc619
0x0000000800053030:   00007fb9a0f850e8 0000000000000000
0x0000000800053040:   0000000800053080 000000010d3b200e
0x0000000800053050:   000000012cf47580 00007fb9a1a71000
0x0000000800053060:   0000000000000000 0000000000000000
0x0000000800053070:   00007000114812f0 00007fb9a1a71000
0x0000000800053080:   0000000780448c18 000000011dbd14c7
0x0000000800053090:   000000011dbd1482 000000010d9687f0
0x00000008000530a0:   0000000000000020 0000000000000038
0x00000008000530b0:   00007fb9a182f148 0000000800006980
0x00000008000530c0:   000000012cf78c10 0000000800001000
0x00000008000530d0:   0000000800053098 0000000000000000
0x00000008000530e0:   0000000000000000 0000000000000000
0x00000008000530f0:   0000000000000000 0000000000000000
0x0000000800053100:   0000000000000000 00007fb99fe0cb88
0x0000000800053110:   0000000800001000 0000000000000000
0x0000000800053120:   0000000800052e48 0000000800052e48
0x0000000800053130:   00007fb9a0b07cb0 0020003100000011
0x0000000800053140:   0000000004000000 0000000000000000
0x0000000800053150:   0000000000000005 0000000500000000
0x0000000800053160:   000000000000ffff 0000000000000000
0x0000000800053170:   00007fb9a0815360 0000000000000000
0x0000000800053180:   000000012cf785c0 000000012cf791e0
0x0000000800053190:   000000012cf79228 0000000000000000 

Instructions: (pc=0x000000010d5e304f)
0x000000010d5e2f4f:   8d 6d b0 75 35 8b 48 10 48 8b 55 d0 48 39 04 0a
0x000000010d5e2f5f:   74 28 83 f9 20 75 10 48 8b 7d d0 48 89 c6 e8 e6
0x000000010d5e2f6f:   64 f1 ff 84 c0 75 13 49 ff c6 49 39 de 0f 82 69
0x000000010d5e2f7f:   ff ff ff bb ff ff ff ff eb 03 8b 5d cc 48 8d 7d
0x000000010d5e2f8f:   a0 e8 57 6f d9 ff 89 d8 48 83 c4 48 5b 41 5c 41
0x000000010d5e2f9f:   5d 41 5e 41 5f 5d c3 90 90 55 48 89 e5 41 57 41
0x000000010d5e2faf:   56 53 48 83 ec 18 49 89 d6 41 89 f7 48 89 fb 48
0x000000010d5e2fbf:   8d 3d 2b c3 3d 00 ff 17 48 8b 00 48 89 5d d8 48
0x000000010d5e2fcf:   89 45 e0 48 85 db 74 13 48 8b b8 88 02 00 00 48
0x000000010d5e2fdf:   8d 75 d0 48 89 1e e8 aa e9 a1 ff 48 8d 05 e7 18
0x000000010d5e2fef:   41 00 48 8b 00 80 78 20 00 74 1d 48 8b 43 08 48
0x000000010d5e2fff:   8b 40 08 48 8b 78 18 48 8d 75 d8 44 89 fa 4c 89
0x000000010d5e300f:   f1 e8 df e7 db ff eb 0f 48 8d 7d d8 44 89 fe 4c
0x000000010d5e301f:   89 f2 e8 b2 e9 03 00 48 8d 7d d8 e8 3b 6d d9 ff
0x000000010d5e302f:   48 83 c4 18 5b 41 5e 41 5f 5d c3 55 48 89 e5 48
0x000000010d5e303f:   85 f6 75 0c b9 00 01 00 00 31 c0 23 4f 20 75 0a
0x000000010d5e304f:   8b 47 08 83 c0 38 29 c6 89 f0 5d c3 90 55 48 89
0x000000010d5e305f:   e5 85 f6 74 11 48 8b 47 08 0f b7 48 28 b8 ff ff
0x000000010d5e306f:   ff ff 39 f1 7e 02 89 f0 5d c3 90 55 48 89 e5 31
0x000000010d5e307f:   c0 48 85 f6 74 24 48 8b 57 08 48 8d 4a 38 48 39
0x000000010d5e308f:   f1 74 17 b8 ff ff ff ff 77 10 0f b7 52 28 48 01
0x000000010d5e309f:   ca 48 39 f2 76 04 29 ce 89 f0 5d c3 90 55 48 89
0x000000010d5e30af:   e5 48 8b 47 08 48 63 ce 48 8d 44 08 38 5d c3 55
0x000000010d5e30bf:   48 89 e5 48 85 f6 75 12 b8 00 01 00 00 23 47 20
0x000000010d5e30cf:   74 08 48 8b 77 08 48 83 c6 38 48 89 f0 5d c3 55
0x000000010d5e30df:   48 89 e5 48 8b 47 08 48 8b 40 08 48 8b 40 18 48
0x000000010d5e30ef:   8b 40 18 5d c3 55 48 89 e5 41 57 41 56 53 48 83
0x000000010d5e30ff:   ec 18 49 89 f6 48 89 fb 48 83 3d d9 31 3a 00 00
0x000000010d5e310f:   74 11 48 8d 3d 83 32 26 00 31 c0 48 89 de e8 66
0x000000010d5e311f:   00 dc ff 48 8d 43 08 48 8d 0d d3 f0 38 00 4c 8d
0x000000010d5e312f:   7d d8 49 89 0f 49 89 47 08 ba 02 00 00 00 4c 89
0x000000010d5e313f:   f7 4c 89 fe e8 bc 79 ff ff 48 8d 43 10 48 8d 0d 


Stack slot to memory mapping:
stack at sp + 0 slots: 0x0000000800053040 is pointing into metadata
stack at sp + 1 slots: 0x000000010d3b1d67: _ZN18InterpreterRuntime9note_trapEP10JavaThreadiP6Thread+0xcf in /Library/Java/JavaVirtualMachines/temurin-11.jdk/Contents/Home/lib/server/libjvm.dylib at 0x000000010d000000
stack at sp + 2 slots: 0x0000000800053098 is a pointer to class: 
jdk.internal.ref.CleanerImpl {0x0000000800053098}
stack at sp + 3 slots: 0x000000011dbd1482 is at code_begin+802 in an Interpreter codelet
throw exception entrypoints  [0x000000011dbd1160, 0x000000011dbd1600]  1184 bytes
stack at sp + 4 slots: 0x000000011dbcbb10 is at code_begin+-112 in 
[CodeBlob (0x000000011dbcbb10)]
Framesize: 0
BufferBlob (0x000000011dbcbb10) used for Interpreter
stack at sp + 5 slots: 0x0000000100000000 is an unknown value
stack at sp + 6 slots: 0x0000000780448c18 is an oop: java.lang.Class 
{0x0000000780448c18} - klass: 'java/lang/Class'
stack at sp + 7 slots: 0x0000000800053098 is a pointer to class: 
jdk.internal.ref.CleanerImpl {0x0000000800053098}


---------------  P R O C E S S  ---------------

Threads class SMR info:
_java_thread_list=0x00007fb9a5ec2330, length=25, elements={
0x00007fb9a300a800, 0x00007fb9a100a800, 0x00007fb9a2830800, 0x00007fb9a3845000,
0x00007fb9a2826000, 0x00007fb9a2829000, 0x00007fb9a305b800, 0x00007fb9a1808800,
0x00007fb9a1825800, 0x00007fb9a40d7000, 0x00007fb9a11b2800, 0x00007fb9a125b000,
0x00007fb9a427d800, 0x00007fb9a1262800, 0x00007fb9a1a71000, 0x00007fb9a41f1000,
0x00007fb9a42e2800, 0x00007fb9a29af000, 0x00007fb9a2995800, 0x00007fb9a2985800,
0x00007fb9a29de800, 0x00007fb9a1970000, 0x00007fb9a427e800, 0x00007fb9a2a12000,
0x00007fb9a42f3000
}

Java Threads: ( => current thread )
  0x00007fb9a300a800 JavaThread "Reference Handler" daemon [_thread_blocked, id=14339, stack(0x000070000fe40000,0x000070000ff40000)]
  0x00007fb9a100a800 JavaThread "Finalizer" daemon [_thread_blocked, id=15107, stack(0x000070000ff43000,0x0000700010043000)]
  0x00007fb9a2830800 JavaThread "Signal Dispatcher" daemon [_thread_blocked, id=16131, stack(0x000070001014c000,0x000070001024c000)]
  0x00007fb9a3845000 JavaThread "Service Thread" daemon [_thread_blocked, id=22019, stack(0x000070001024f000,0x000070001034f000)]
  0x00007fb9a2826000 JavaThread "C1 CompilerThread0" daemon [_thread_blocked, id=43011, stack(0x0000700010352000,0x0000700010452000)]
  0x00007fb9a2829000 JavaThread "Sweeper thread" daemon [_thread_blocked, id=42243, stack(0x0000700010455000,0x0000700010555000)]
  0x00007fb9a305b800 JavaThread "Common-Cleaner" daemon [_thread_blocked, id=23043, stack(0x0000700010558000,0x0000700010658000)]
  0x00007fb9a1808800 JavaThread "Monitor Ctrl-Break" daemon [_thread_in_native, id=23555, stack(0x000070001065b000,0x000070001075b000)]
  0x00007fb9a1825800 JavaThread "RMI TCP Accept-0" daemon [_thread_in_native, id=41731, stack(0x000070001075e000,0x000070001085e000)]
  0x00007fb9a40d7000 JavaThread "Attach Listener" daemon [_thread_blocked, id=24835, stack(0x0000700010b6a000,0x0000700010c6a000)]
  0x00007fb9a11b2800 JavaThread "RMI Scheduler(0)" daemon [_thread_blocked, id=38915, stack(0x0000700010f76000,0x0000700011076000)]
  0x00007fb9a125b000 JavaThread "Catalina-utility-1" [_thread_blocked, id=38667, stack(0x0000700011079000,0x0000700011179000)]
  0x00007fb9a427d800 JavaThread "Catalina-utility-2" [_thread_blocked, id=38147, stack(0x000070001117c000,0x000070001127c000)]
  0x00007fb9a1262800 JavaThread "container-0" [_thread_blocked, id=37379, stack(0x000070001127f000,0x000070001137f000)]
=>0x00007fb9a1a71000 JavaThread "HikariPool-1 housekeeper" daemon [_thread_in_vm, id=27399, stack(0x0000700011382000,0x0000700011482000)]
  0x00007fb9a41f1000 JavaThread "http-nio-8080-Poller" daemon [_thread_in_native, id=35083, stack(0x0000700011994000,0x0000700011a94000)]
  0x00007fb9a42e2800 JavaThread "http-nio-8080-Acceptor" daemon [_thread_in_native, id=34307, stack(0x0000700011a97000,0x0000700011b97000)]
  0x00007fb9a29af000 JavaThread "DestroyJavaVM" [_thread_blocked, id=6147, stack(0x000070000f72b000,0x000070000f82b000)]
  0x00007fb9a2995800 JavaThread "http-nio-8080-exec-1" daemon [_thread_blocked, id=27911, stack(0x0000700011485000,0x0000700011585000)]
  0x00007fb9a2985800 JavaThread "http-nio-8080-exec-2" daemon [_thread_blocked, id=30219, stack(0x0000700011ea3000,0x0000700011fa3000)]
  0x00007fb9a29de800 JavaThread "http-nio-8080-exec-3" daemon [_thread_blocked, id=32259, stack(0x0000700011fa6000,0x00007000120a6000)]
  0x00007fb9a1970000 JavaThread "http-nio-8080-exec-4" daemon [_thread_blocked, id=32003, stack(0x00007000120a9000,0x00007000121a9000)]
  0x00007fb9a427e800 JavaThread "http-nio-8080-exec-5" daemon [_thread_blocked, id=29703, stack(0x0000700010c6d000,0x0000700010d6d000)]
  0x00007fb9a2a12000 JavaThread "http-nio-8080-exec-6" daemon [_thread_blocked, id=30475, stack(0x0000700011b9a000,0x0000700011c9a000)]
  0x00007fb9a42f3000 JavaThread "http-nio-8080-exec-7" daemon [_thread_blocked, id=25103, stack(0x0000700011c9d000,0x0000700011d9d000)]

Other Threads:
  0x00007fb9a4014800 VMThread "VM Thread" [stack: 0x000070000fd3d000,0x000070000fe3d000] [id=18947]
  0x00007fb9a3117000 WatcherThread [stack: 0x0000700010861000,0x0000700010961000] [id=41219]
  0x00007fb9a1015000 GCTaskThread "GC Thread#0" [stack: 0x000070000f82e000,0x000070000f92e000] [id=12291]
  0x00007fb9a1196000 GCTaskThread "GC Thread#1" [stack: 0x0000700010964000,0x0000700010a64000] [id=40707]
  0x00007fb9a1162800 GCTaskThread "GC Thread#2" [stack: 0x0000700010a67000,0x0000700010b67000] [id=24323]
  0x00007fb9a2895800 GCTaskThread "GC Thread#3" [stack: 0x0000700010d70000,0x0000700010e70000] [id=25347]
  0x00007fb9a19e9000 GCTaskThread "GC Thread#4" [stack: 0x0000700011588000,0x0000700011688000] [id=36355]
  0x00007fb9a1a38000 GCTaskThread "GC Thread#5" [stack: 0x000070001168b000,0x000070001178b000] [id=36099]
  0x00007fb9a1a79800 GCTaskThread "GC Thread#6" [stack: 0x000070001178e000,0x000070001188e000] [id=35843]
  0x00007fb9a1a7d000 GCTaskThread "GC Thread#7" [stack: 0x0000700011891000,0x0000700011991000] [id=28675]
  0x00007fb9a3829800 ConcurrentGCThread "G1 Main Marker" [stack: 0x000070000f931000,0x000070000fa31000] [id=21251]
  0x00007fb9a382a800 ConcurrentGCThread "G1 Conc#0" [stack: 0x000070000fa34000,0x000070000fb34000] [id=12547]
  0x00007fb9a3126000 ConcurrentGCThread "G1 Conc#1" [stack: 0x0000700010e73000,0x0000700010f73000] [id=25859]
  0x00007fb9a005d800 ConcurrentGCThread "G1 Refine#0" [stack: 0x000070000fb37000,0x000070000fc37000] [id=19971]
  0x00007fb9a382b000 ConcurrentGCThread "G1 Young RemSet Sampling" [stack: 0x000070000fc3a000,0x000070000fd3a000] [id=19459]

Threads with active compile tasks:

VM state:not at safepoint (normal execution)

VM Mutex/Monitor currently owned by a thread: None

Heap address: 0x0000000780000000, size: 2048 MB, Compressed Oops mode: Zero based, Oop shift amount: 3
Narrow klass base: 0x0000000800000000, Narrow klass shift: 0
Compressed class space size: 1073741824 Address: 0x0000000800000000

Heap:
 garbage-first heap   total 189440K, used 71945K [0x0000000780000000, 0x0000000800000000)
  region size 1024K, 40 young (40960K), 2 survivors (2048K)
 Metaspace       used 62926K, capacity 65061K, committed 65360K, reserved 1105920K
  class space    used 8277K, capacity 9126K, committed 9216K, reserved 1048576K
Heap Regions: E=young(eden), S=young(survivor), O=old, HS=humongous(starts), HC=humongous(continues), CS=collection set, F=free, A=archive, TAMS=top-at-mark-start (previous, next)
|   0|0x0000000780000000, 0x0000000780100000, 0x0000000780100000|100%|HS|  |TAMS 0x0000000780100000, 0x0000000780000000| Complete 
|   1|0x0000000780100000, 0x0000000780200000, 0x0000000780200000|100%| O|  |TAMS 0x0000000780200000, 0x0000000780100000| Untracked 
|   2|0x0000000780200000, 0x0000000780300000, 0x0000000780300000|100%| O|  |TAMS 0x0000000780300000, 0x0000000780200000| Untracked 
|   3|0x0000000780300000, 0x0000000780400000, 0x0000000780400000|100%| O|  |TAMS 0x0000000780400000, 0x0000000780300000| Untracked 
|   4|0x0000000780400000, 0x0000000780500000, 0x0000000780500000|100%| O|  |TAMS 0x0000000780500000, 0x0000000780400000| Untracked 
|   5|0x0000000780500000, 0x0000000780600000, 0x0000000780600000|100%| O|  |TAMS 0x0000000780600000, 0x0000000780500000| Untracked 
|   6|0x0000000780600000, 0x0000000780700000, 0x0000000780700000|100%| O|  |TAMS 0x0000000780700000, 0x0000000780600000| Untracked 
|   7|0x0000000780700000, 0x0000000780800000, 0x0000000780800000|100%| O|  |TAMS 0x0000000780800000, 0x0000000780700000| Untracked 
|   8|0x0000000780800000, 0x0000000780900000, 0x0000000780900000|100%| O|  |TAMS 0x0000000780900000, 0x0000000780800000| Untracked 
|   9|0x0000000780900000, 0x0000000780a00000, 0x0000000780a00000|100%| O|  |TAMS 0x0000000780a00000, 0x0000000780900000| Untracked 
|  10|0x0000000780a00000, 0x0000000780b00000, 0x0000000780b00000|100%| O|  |TAMS 0x0000000780b00000, 0x0000000780a00000| Untracked 
|  11|0x0000000780b00000, 0x0000000780c00000, 0x0000000780c00000|100%| O|  |TAMS 0x0000000780c00000, 0x0000000780b00000| Untracked 
|  12|0x0000000780c00000, 0x0000000780d00000, 0x0000000780d00000|100%| O|  |TAMS 0x0000000780d00000, 0x0000000780c00000| Untracked 
|  13|0x0000000780d00000, 0x0000000780e00000, 0x0000000780e00000|100%| O|  |TAMS 0x0000000780e00000, 0x0000000780d00000| Untracked 
|  14|0x0000000780e00000, 0x0000000780f00000, 0x0000000780f00000|100%| O|  |TAMS 0x0000000780f00000, 0x0000000780e00000| Untracked 
|  15|0x0000000780f00000, 0x0000000781000000, 0x0000000781000000|100%| O|  |TAMS 0x0000000781000000, 0x0000000780f00000| Untracked 
|  16|0x0000000781000000, 0x0000000781100000, 0x0000000781100000|100%| O|  |TAMS 0x0000000781100000, 0x0000000781000000| Untracked 
|  17|0x0000000781100000, 0x0000000781200000, 0x0000000781200000|100%| O|  |TAMS 0x0000000781200000, 0x0000000781100000| Untracked 
|  18|0x0000000781200000, 0x0000000781300000, 0x0000000781300000|100%| O|  |TAMS 0x0000000781300000, 0x0000000781200000| Untracked 
|  19|0x0000000781300000, 0x0000000781400000, 0x0000000781400000|100%| O|  |TAMS 0x0000000781400000, 0x0000000781300000| Untracked 
|  20|0x0000000781400000, 0x0000000781500000, 0x0000000781500000|100%| O|  |TAMS 0x0000000781500000, 0x0000000781400000| Untracked 
|  21|0x0000000781500000, 0x0000000781600000, 0x0000000781600000|100%| O|  |TAMS 0x0000000781600000, 0x0000000781500000| Untracked 
|  22|0x0000000781600000, 0x0000000781700000, 0x0000000781700000|100%| O|  |TAMS 0x0000000781700000, 0x0000000781600000| Untracked 
|  23|0x0000000781700000, 0x0000000781800000, 0x0000000781800000|100%| O|  |TAMS 0x0000000781800000, 0x0000000781700000| Untracked 
|  24|0x0000000781800000, 0x0000000781900000, 0x0000000781900000|100%| O|  |TAMS 0x0000000781900000, 0x0000000781800000| Untracked 
|  25|0x0000000781900000, 0x0000000781a00000, 0x0000000781a00000|100%| O|  |TAMS 0x0000000781a00000, 0x0000000781900000| Untracked 
|  26|0x0000000781a00000, 0x0000000781b00000, 0x0000000781b00000|100%| O|  |TAMS 0x0000000781b00000, 0x0000000781a00000| Untracked 
|  27|0x0000000781b00000, 0x0000000781c00000, 0x0000000781c00000|100%| O|  |TAMS 0x0000000781c00000, 0x0000000781b00000| Untracked 
|  28|0x0000000781c00000, 0x0000000781d00000, 0x0000000781d00000|100%| O|  |TAMS 0x0000000781d00000, 0x0000000781c00000| Untracked 
|  29|0x0000000781d00000, 0x0000000781e00000, 0x0000000781e00000|100%| O|  |TAMS 0x0000000781e00000, 0x0000000781d00000| Untracked 
|  30|0x0000000781e00000, 0x0000000781f00000, 0x0000000781f00000|100%| O|  |TAMS 0x0000000781f00000, 0x0000000781e00000| Untracked 
|  31|0x0000000781f00000, 0x0000000781f42600, 0x0000000782000000| 25%| O|  |TAMS 0x0000000781f42600, 0x0000000781f00000| Untracked 
|  32|0x0000000782000000, 0x0000000782000000, 0x0000000782100000|  0%| F|  |TAMS 0x0000000782000000, 0x0000000782000000| Untracked 
|  33|0x0000000782100000, 0x0000000782100000, 0x0000000782200000|  0%| F|  |TAMS 0x0000000782100000, 0x0000000782100000| Untracked 
|  34|0x0000000782200000, 0x0000000782200000, 0x0000000782300000|  0%| F|  |TAMS 0x0000000782200000, 0x0000000782200000| Untracked 
|  35|0x0000000782300000, 0x0000000782300000, 0x0000000782400000|  0%| F|  |TAMS 0x0000000782300000, 0x0000000782300000| Untracked 
|  36|0x0000000782400000, 0x0000000782400000, 0x0000000782500000|  0%| F|  |TAMS 0x0000000782400000, 0x0000000782400000| Untracked 
|  37|0x0000000782500000, 0x0000000782500000, 0x0000000782600000|  0%| F|  |TAMS 0x0000000782500000, 0x0000000782500000| Untracked 
|  38|0x0000000782600000, 0x0000000782600000, 0x0000000782700000|  0%| F|  |TAMS 0x0000000782600000, 0x0000000782600000| Untracked 
|  39|0x0000000782700000, 0x0000000782700000, 0x0000000782800000|  0%| F|  |TAMS 0x0000000782700000, 0x0000000782700000| Untracked 
|  40|0x0000000782800000, 0x0000000782800000, 0x0000000782900000|  0%| F|  |TAMS 0x0000000782800000, 0x0000000782800000| Untracked 
|  41|0x0000000782900000, 0x0000000782900000, 0x0000000782a00000|  0%| F|  |TAMS 0x0000000782900000, 0x0000000782900000| Untracked 
|  42|0x0000000782a00000, 0x0000000782a00000, 0x0000000782b00000|  0%| F|  |TAMS 0x0000000782a00000, 0x0000000782a00000| Untracked 
|  43|0x0000000782b00000, 0x0000000782b00000, 0x0000000782c00000|  0%| F|  |TAMS 0x0000000782b00000, 0x0000000782b00000| Untracked 
|  44|0x0000000782c00000, 0x0000000782c00000, 0x0000000782d00000|  0%| F|  |TAMS 0x0000000782c00000, 0x0000000782c00000| Untracked 
|  45|0x0000000782d00000, 0x0000000782d00000, 0x0000000782e00000|  0%| F|  |TAMS 0x0000000782d00000, 0x0000000782d00000| Untracked 
|  46|0x0000000782e00000, 0x0000000782e00000, 0x0000000782f00000|  0%| F|  |TAMS 0x0000000782e00000, 0x0000000782e00000| Untracked 
|  47|0x0000000782f00000, 0x0000000782f00000, 0x0000000783000000|  0%| F|  |TAMS 0x0000000782f00000, 0x0000000782f00000| Untracked 
|  48|0x0000000783000000, 0x0000000783000000, 0x0000000783100000|  0%| F|  |TAMS 0x0000000783000000, 0x0000000783000000| Untracked 
|  49|0x0000000783100000, 0x0000000783100000, 0x0000000783200000|  0%| F|  |TAMS 0x0000000783100000, 0x0000000783100000| Untracked 
|  50|0x0000000783200000, 0x0000000783200000, 0x0000000783300000|  0%| F|  |TAMS 0x0000000783200000, 0x0000000783200000| Untracked 
|  51|0x0000000783300000, 0x0000000783300000, 0x0000000783400000|  0%| F|  |TAMS 0x0000000783300000, 0x0000000783300000| Untracked 
|  52|0x0000000783400000, 0x0000000783400000, 0x0000000783500000|  0%| F|  |TAMS 0x0000000783400000, 0x0000000783400000| Untracked 
|  53|0x0000000783500000, 0x0000000783500000, 0x0000000783600000|  0%| F|  |TAMS 0x0000000783500000, 0x0000000783500000| Untracked 
|  54|0x0000000783600000, 0x0000000783600000, 0x0000000783700000|  0%| F|  |TAMS 0x0000000783600000, 0x0000000783600000| Untracked 
|  55|0x0000000783700000, 0x0000000783700000, 0x0000000783800000|  0%| F|  |TAMS 0x0000000783700000, 0x0000000783700000| Untracked 
|  56|0x0000000783800000, 0x0000000783800000, 0x0000000783900000|  0%| F|  |TAMS 0x0000000783800000, 0x0000000783800000| Untracked 
|  57|0x0000000783900000, 0x0000000783900000, 0x0000000783a00000|  0%| F|  |TAMS 0x0000000783900000, 0x0000000783900000| Untracked 
|  58|0x0000000783a00000, 0x0000000783a00000, 0x0000000783b00000|  0%| F|  |TAMS 0x0000000783a00000, 0x0000000783a00000| Untracked 
|  59|0x0000000783b00000, 0x0000000783b00000, 0x0000000783c00000|  0%| F|  |TAMS 0x0000000783b00000, 0x0000000783b00000| Untracked 
|  60|0x0000000783c00000, 0x0000000783c00000, 0x0000000783d00000|  0%| F|  |TAMS 0x0000000783c00000, 0x0000000783c00000| Untracked 
|  61|0x0000000783d00000, 0x0000000783d00000, 0x0000000783e00000|  0%| F|  |TAMS 0x0000000783d00000, 0x0000000783d00000| Untracked 
|  62|0x0000000783e00000, 0x0000000783e00000, 0x0000000783f00000|  0%| F|  |TAMS 0x0000000783e00000, 0x0000000783e00000| Untracked 
|  63|0x0000000783f00000, 0x0000000783f00000, 0x0000000784000000|  0%| F|  |TAMS 0x0000000783f00000, 0x0000000783f00000| Untracked 
|  64|0x0000000784000000, 0x0000000784000000, 0x0000000784100000|  0%| F|  |TAMS 0x0000000784000000, 0x0000000784000000| Untracked 
|  65|0x0000000784100000, 0x0000000784100000, 0x0000000784200000|  0%| F|  |TAMS 0x0000000784100000, 0x0000000784100000| Untracked 
|  66|0x0000000784200000, 0x0000000784200000, 0x0000000784300000|  0%| F|  |TAMS 0x0000000784200000, 0x0000000784200000| Untracked 
|  67|0x0000000784300000, 0x0000000784300000, 0x0000000784400000|  0%| F|  |TAMS 0x0000000784300000, 0x0000000784300000| Untracked 
|  68|0x0000000784400000, 0x0000000784400000, 0x0000000784500000|  0%| F|  |TAMS 0x0000000784400000, 0x0000000784400000| Untracked 
|  69|0x0000000784500000, 0x0000000784500000, 0x0000000784600000|  0%| F|  |TAMS 0x0000000784500000, 0x0000000784500000| Untracked 
|  70|0x0000000784600000, 0x0000000784600000, 0x0000000784700000|  0%| F|  |TAMS 0x0000000784600000, 0x0000000784600000| Untracked 
|  71|0x0000000784700000, 0x0000000784700000, 0x0000000784800000|  0%| F|  |TAMS 0x0000000784700000, 0x0000000784700000| Untracked 
|  72|0x0000000784800000, 0x0000000784800000, 0x0000000784900000|  0%| F|  |TAMS 0x0000000784800000, 0x0000000784800000| Untracked 
|  73|0x0000000784900000, 0x0000000784900000, 0x0000000784a00000|  0%| F|  |TAMS 0x0000000784900000, 0x0000000784900000| Untracked 
|  74|0x0000000784a00000, 0x0000000784a00000, 0x0000000784b00000|  0%| F|  |TAMS 0x0000000784a00000, 0x0000000784a00000| Untracked 
|  75|0x0000000784b00000, 0x0000000784b00000, 0x0000000784c00000|  0%| F|  |TAMS 0x0000000784b00000, 0x0000000784b00000| Untracked 
|  76|0x0000000784c00000, 0x0000000784c00000, 0x0000000784d00000|  0%| F|  |TAMS 0x0000000784c00000, 0x0000000784c00000| Untracked 
|  77|0x0000000784d00000, 0x0000000784d00000, 0x0000000784e00000|  0%| F|  |TAMS 0x0000000784d00000, 0x0000000784d00000| Untracked 
|  78|0x0000000784e00000, 0x0000000784e00000, 0x0000000784f00000|  0%| F|  |TAMS 0x0000000784e00000, 0x0000000784e00000| Untracked 
|  79|0x0000000784f00000, 0x0000000784f00000, 0x0000000785000000|  0%| F|  |TAMS 0x0000000784f00000, 0x0000000784f00000| Untracked 
|  80|0x0000000785000000, 0x0000000785000000, 0x0000000785100000|  0%| F|  |TAMS 0x0000000785000000, 0x0000000785000000| Untracked 
|  81|0x0000000785100000, 0x0000000785100000, 0x0000000785200000|  0%| F|  |TAMS 0x0000000785100000, 0x0000000785100000| Untracked 
|  82|0x0000000785200000, 0x0000000785200000, 0x0000000785300000|  0%| F|  |TAMS 0x0000000785200000, 0x0000000785200000| Untracked 
|  83|0x0000000785300000, 0x0000000785300000, 0x0000000785400000|  0%| F|  |TAMS 0x0000000785300000, 0x0000000785300000| Untracked 
|  84|0x0000000785400000, 0x0000000785400000, 0x0000000785500000|  0%| F|  |TAMS 0x0000000785400000, 0x0000000785400000| Untracked 
|  85|0x0000000785500000, 0x0000000785500000, 0x0000000785600000|  0%| F|  |TAMS 0x0000000785500000, 0x0000000785500000| Untracked 
|  86|0x0000000785600000, 0x0000000785600000, 0x0000000785700000|  0%| F|  |TAMS 0x0000000785600000, 0x0000000785600000| Untracked 
|  87|0x0000000785700000, 0x0000000785700000, 0x0000000785800000|  0%| F|  |TAMS 0x0000000785700000, 0x0000000785700000| Untracked 
|  88|0x0000000785800000, 0x0000000785800000, 0x0000000785900000|  0%| F|  |TAMS 0x0000000785800000, 0x0000000785800000| Untracked 
|  89|0x0000000785900000, 0x0000000785900000, 0x0000000785a00000|  0%| F|  |TAMS 0x0000000785900000, 0x0000000785900000| Untracked 
|  90|0x0000000785a00000, 0x0000000785a00000, 0x0000000785b00000|  0%| F|  |TAMS 0x0000000785a00000, 0x0000000785a00000| Untracked 
|  91|0x0000000785b00000, 0x0000000785b00000, 0x0000000785c00000|  0%| F|  |TAMS 0x0000000785b00000, 0x0000000785b00000| Untracked 
|  92|0x0000000785c00000, 0x0000000785c00000, 0x0000000785d00000|  0%| F|  |TAMS 0x0000000785c00000, 0x0000000785c00000| Untracked 
|  93|0x0000000785d00000, 0x0000000785d00000, 0x0000000785e00000|  0%| F|  |TAMS 0x0000000785d00000, 0x0000000785d00000| Untracked 
|  94|0x0000000785e00000, 0x0000000785e00000, 0x0000000785f00000|  0%| F|  |TAMS 0x0000000785e00000, 0x0000000785e00000| Untracked 
|  95|0x0000000785f00000, 0x0000000785f00000, 0x0000000786000000|  0%| F|  |TAMS 0x0000000785f00000, 0x0000000785f00000| Untracked 
|  96|0x0000000786000000, 0x0000000786000000, 0x0000000786100000|  0%| F|  |TAMS 0x0000000786000000, 0x0000000786000000| Untracked 
|  97|0x0000000786100000, 0x0000000786100000, 0x0000000786200000|  0%| F|  |TAMS 0x0000000786100000, 0x0000000786100000| Untracked 
|  98|0x0000000786200000, 0x0000000786200000, 0x0000000786300000|  0%| F|  |TAMS 0x0000000786200000, 0x0000000786200000| Untracked 
|  99|0x0000000786300000, 0x0000000786300000, 0x0000000786400000|  0%| F|  |TAMS 0x0000000786300000, 0x0000000786300000| Untracked 
| 100|0x0000000786400000, 0x0000000786400000, 0x0000000786500000|  0%| F|  |TAMS 0x0000000786400000, 0x0000000786400000| Untracked 
| 101|0x0000000786500000, 0x0000000786500000, 0x0000000786600000|  0%| F|  |TAMS 0x0000000786500000, 0x0000000786500000| Untracked 
| 102|0x0000000786600000, 0x0000000786600000, 0x0000000786700000|  0%| F|  |TAMS 0x0000000786600000, 0x0000000786600000| Untracked 
| 103|0x0000000786700000, 0x0000000786700000, 0x0000000786800000|  0%| F|  |TAMS 0x0000000786700000, 0x0000000786700000| Untracked 
| 104|0x0000000786800000, 0x0000000786800000, 0x0000000786900000|  0%| F|  |TAMS 0x0000000786800000, 0x0000000786800000| Untracked 
| 105|0x0000000786900000, 0x0000000786900000, 0x0000000786a00000|  0%| F|  |TAMS 0x0000000786900000, 0x0000000786900000| Untracked 
| 106|0x0000000786a00000, 0x0000000786a00000, 0x0000000786b00000|  0%| F|  |TAMS 0x0000000786a00000, 0x0000000786a00000| Untracked 
| 107|0x0000000786b00000, 0x0000000786b00000, 0x0000000786c00000|  0%| F|  |TAMS 0x0000000786b00000, 0x0000000786b00000| Untracked 
| 108|0x0000000786c00000, 0x0000000786c00000, 0x0000000786d00000|  0%| F|  |TAMS 0x0000000786c00000, 0x0000000786c00000| Untracked 
| 109|0x0000000786d00000, 0x0000000786d00000, 0x0000000786e00000|  0%| F|  |TAMS 0x0000000786d00000, 0x0000000786d00000| Untracked 
| 110|0x0000000786e00000, 0x0000000786e00000, 0x0000000786f00000|  0%| F|  |TAMS 0x0000000786e00000, 0x0000000786e00000| Untracked 
| 111|0x0000000786f00000, 0x0000000786f00000, 0x0000000787000000|  0%| F|  |TAMS 0x0000000786f00000, 0x0000000786f00000| Untracked 
| 112|0x0000000787000000, 0x0000000787000000, 0x0000000787100000|  0%| F|  |TAMS 0x0000000787000000, 0x0000000787000000| Untracked 
| 113|0x0000000787100000, 0x0000000787100000, 0x0000000787200000|  0%| F|  |TAMS 0x0000000787100000, 0x0000000787100000| Untracked 
| 114|0x0000000787200000, 0x0000000787200000, 0x0000000787300000|  0%| F|  |TAMS 0x0000000787200000, 0x0000000787200000| Untracked 
| 115|0x0000000787300000, 0x0000000787300000, 0x0000000787400000|  0%| F|  |TAMS 0x0000000787300000, 0x0000000787300000| Untracked 
| 116|0x0000000787400000, 0x0000000787400000, 0x0000000787500000|  0%| F|  |TAMS 0x0000000787400000, 0x0000000787400000| Untracked 
| 117|0x0000000787500000, 0x0000000787500000, 0x0000000787600000|  0%| F|  |TAMS 0x0000000787500000, 0x0000000787500000| Untracked 
| 118|0x0000000787600000, 0x0000000787600000, 0x0000000787700000|  0%| F|  |TAMS 0x0000000787600000, 0x0000000787600000| Untracked 
| 119|0x0000000787700000, 0x0000000787700000, 0x0000000787800000|  0%| F|  |TAMS 0x0000000787700000, 0x0000000787700000| Untracked 
| 120|0x0000000787800000, 0x0000000787800000, 0x0000000787900000|  0%| F|  |TAMS 0x0000000787800000, 0x0000000787800000| Untracked 
| 121|0x0000000787900000, 0x0000000787900000, 0x0000000787a00000|  0%| F|  |TAMS 0x0000000787900000, 0x0000000787900000| Untracked 
| 122|0x0000000787a00000, 0x0000000787a00000, 0x0000000787b00000|  0%| F|  |TAMS 0x0000000787a00000, 0x0000000787a00000| Untracked 
| 123|0x0000000787b00000, 0x0000000787b00000, 0x0000000787c00000|  0%| F|  |TAMS 0x0000000787b00000, 0x0000000787b00000| Untracked 
| 124|0x0000000787c00000, 0x0000000787c00000, 0x0000000787d00000|  0%| F|  |TAMS 0x0000000787c00000, 0x0000000787c00000| Untracked 
| 125|0x0000000787d00000, 0x0000000787d00000, 0x0000000787e00000|  0%| F|  |TAMS 0x0000000787d00000, 0x0000000787d00000| Untracked 
| 126|0x0000000787e00000, 0x0000000787e00000, 0x0000000787f00000|  0%| F|  |TAMS 0x0000000787e00000, 0x0000000787e00000| Untracked 
| 127|0x0000000787f00000, 0x0000000787f00000, 0x0000000788000000|  0%| F|  |TAMS 0x0000000787f00000, 0x0000000787f00000| Untracked 
| 128|0x0000000788000000, 0x0000000788000000, 0x0000000788100000|  0%| F|  |TAMS 0x0000000788000000, 0x0000000788000000| Untracked 
| 129|0x0000000788100000, 0x0000000788100000, 0x0000000788200000|  0%| F|  |TAMS 0x0000000788100000, 0x0000000788100000| Untracked 
| 130|0x0000000788200000, 0x0000000788200000, 0x0000000788300000|  0%| F|  |TAMS 0x0000000788200000, 0x0000000788200000| Untracked 
| 131|0x0000000788300000, 0x0000000788300000, 0x0000000788400000|  0%| F|  |TAMS 0x0000000788300000, 0x0000000788300000| Untracked 
| 132|0x0000000788400000, 0x0000000788400000, 0x0000000788500000|  0%| F|  |TAMS 0x0000000788400000, 0x0000000788400000| Untracked 
| 133|0x0000000788500000, 0x0000000788500000, 0x0000000788600000|  0%| F|  |TAMS 0x0000000788500000, 0x0000000788500000| Untracked 
| 134|0x0000000788600000, 0x0000000788600000, 0x0000000788700000|  0%| F|  |TAMS 0x0000000788600000, 0x0000000788600000| Untracked 
| 135|0x0000000788700000, 0x0000000788700000, 0x0000000788800000|  0%| F|  |TAMS 0x0000000788700000, 0x0000000788700000| Untracked 
| 136|0x0000000788800000, 0x0000000788800000, 0x0000000788900000|  0%| F|  |TAMS 0x0000000788800000, 0x0000000788800000| Untracked 
| 137|0x0000000788900000, 0x0000000788900000, 0x0000000788a00000|  0%| F|  |TAMS 0x0000000788900000, 0x0000000788900000| Untracked 
| 138|0x0000000788a00000, 0x0000000788a00000, 0x0000000788b00000|  0%| F|  |TAMS 0x0000000788a00000, 0x0000000788a00000| Untracked 
| 139|0x0000000788b00000, 0x0000000788b00000, 0x0000000788c00000|  0%| F|  |TAMS 0x0000000788b00000, 0x0000000788b00000| Untracked 
| 140|0x0000000788c00000, 0x0000000788c00000, 0x0000000788d00000|  0%| F|  |TAMS 0x0000000788c00000, 0x0000000788c00000| Untracked 
| 141|0x0000000788d00000, 0x0000000788d00000, 0x0000000788e00000|  0%| F|  |TAMS 0x0000000788d00000, 0x0000000788d00000| Untracked 
| 142|0x0000000788e00000, 0x0000000788e00000, 0x0000000788f00000|  0%| F|  |TAMS 0x0000000788e00000, 0x0000000788e00000| Untracked 
| 143|0x0000000788f00000, 0x0000000788f00000, 0x0000000789000000|  0%| F|  |TAMS 0x0000000788f00000, 0x0000000788f00000| Untracked 
| 144|0x0000000789000000, 0x0000000789000000, 0x0000000789100000|  0%| F|  |TAMS 0x0000000789000000, 0x0000000789000000| Untracked 
| 145|0x0000000789100000, 0x00000007891c5988, 0x0000000789200000| 77%| E|  |TAMS 0x0000000789100000, 0x0000000789100000| Complete 
| 146|0x0000000789200000, 0x0000000789300000, 0x0000000789300000|100%| E|CS|TAMS 0x0000000789200000, 0x0000000789200000| Complete 
| 147|0x0000000789300000, 0x0000000789400000, 0x0000000789400000|100%| E|CS|TAMS 0x0000000789300000, 0x0000000789300000| Complete 
| 148|0x0000000789400000, 0x0000000789500000, 0x0000000789500000|100%| E|CS|TAMS 0x0000000789400000, 0x0000000789400000| Complete 
| 149|0x0000000789500000, 0x0000000789600000, 0x0000000789600000|100%| S|CS|TAMS 0x0000000789500000, 0x0000000789500000| Complete 
| 150|0x0000000789600000, 0x0000000789700000, 0x0000000789700000|100%| S|CS|TAMS 0x0000000789600000, 0x0000000789600000| Complete 
| 151|0x0000000789700000, 0x0000000789800000, 0x0000000789800000|100%| E|CS|TAMS 0x0000000789700000, 0x0000000789700000| Complete 
| 152|0x0000000789800000, 0x0000000789900000, 0x0000000789900000|100%| E|CS|TAMS 0x0000000789800000, 0x0000000789800000| Complete 
| 153|0x0000000789900000, 0x0000000789a00000, 0x0000000789a00000|100%| E|CS|TAMS 0x0000000789900000, 0x0000000789900000| Complete 
| 154|0x0000000789a00000, 0x0000000789b00000, 0x0000000789b00000|100%| E|CS|TAMS 0x0000000789a00000, 0x0000000789a00000| Complete 
| 155|0x0000000789b00000, 0x0000000789c00000, 0x0000000789c00000|100%| E|CS|TAMS 0x0000000789b00000, 0x0000000789b00000| Complete 
| 156|0x0000000789c00000, 0x0000000789d00000, 0x0000000789d00000|100%| E|CS|TAMS 0x0000000789c00000, 0x0000000789c00000| Complete 
| 157|0x0000000789d00000, 0x0000000789e00000, 0x0000000789e00000|100%| E|CS|TAMS 0x0000000789d00000, 0x0000000789d00000| Complete 
| 158|0x0000000789e00000, 0x0000000789f00000, 0x0000000789f00000|100%| E|CS|TAMS 0x0000000789e00000, 0x0000000789e00000| Complete 
| 159|0x0000000789f00000, 0x000000078a000000, 0x000000078a000000|100%| E|CS|TAMS 0x0000000789f00000, 0x0000000789f00000| Complete 
| 160|0x000000078a000000, 0x000000078a100000, 0x000000078a100000|100%| E|CS|TAMS 0x000000078a000000, 0x000000078a000000| Complete 
| 161|0x000000078a100000, 0x000000078a200000, 0x000000078a200000|100%| E|CS|TAMS 0x000000078a100000, 0x000000078a100000| Complete 
| 162|0x000000078a200000, 0x000000078a300000, 0x000000078a300000|100%| E|CS|TAMS 0x000000078a200000, 0x000000078a200000| Complete 
| 163|0x000000078a300000, 0x000000078a400000, 0x000000078a400000|100%| E|CS|TAMS 0x000000078a300000, 0x000000078a300000| Complete 
| 164|0x000000078a400000, 0x000000078a500000, 0x000000078a500000|100%| E|CS|TAMS 0x000000078a400000, 0x000000078a400000| Complete 
| 165|0x000000078a500000, 0x000000078a600000, 0x000000078a600000|100%| E|CS|TAMS 0x000000078a500000, 0x000000078a500000| Complete 
| 166|0x000000078a600000, 0x000000078a700000, 0x000000078a700000|100%| E|CS|TAMS 0x000000078a600000, 0x000000078a600000| Complete 
| 167|0x000000078a700000, 0x000000078a800000, 0x000000078a800000|100%| E|CS|TAMS 0x000000078a700000, 0x000000078a700000| Complete 
| 168|0x000000078a800000, 0x000000078a900000, 0x000000078a900000|100%| E|CS|TAMS 0x000000078a800000, 0x000000078a800000| Complete 
| 169|0x000000078a900000, 0x000000078aa00000, 0x000000078aa00000|100%| E|CS|TAMS 0x000000078a900000, 0x000000078a900000| Complete 
| 170|0x000000078aa00000, 0x000000078ab00000, 0x000000078ab00000|100%| E|CS|TAMS 0x000000078aa00000, 0x000000078aa00000| Complete 
| 171|0x000000078ab00000, 0x000000078ac00000, 0x000000078ac00000|100%| E|CS|TAMS 0x000000078ab00000, 0x000000078ab00000| Complete 
| 172|0x000000078ac00000, 0x000000078ad00000, 0x000000078ad00000|100%| E|CS|TAMS 0x000000078ac00000, 0x000000078ac00000| Complete 
| 173|0x000000078ad00000, 0x000000078ae00000, 0x000000078ae00000|100%| E|CS|TAMS 0x000000078ad00000, 0x000000078ad00000| Complete 
| 174|0x000000078ae00000, 0x000000078af00000, 0x000000078af00000|100%| E|CS|TAMS 0x000000078ae00000, 0x000000078ae00000| Complete 
| 175|0x000000078af00000, 0x000000078b000000, 0x000000078b000000|100%| E|CS|TAMS 0x000000078af00000, 0x000000078af00000| Complete 
| 176|0x000000078b000000, 0x000000078b100000, 0x000000078b100000|100%| E|CS|TAMS 0x000000078b000000, 0x000000078b000000| Complete 
| 177|0x000000078b100000, 0x000000078b200000, 0x000000078b200000|100%| E|CS|TAMS 0x000000078b100000, 0x000000078b100000| Complete 
| 178|0x000000078b200000, 0x000000078b300000, 0x000000078b300000|100%| E|CS|TAMS 0x000000078b200000, 0x000000078b200000| Complete 
| 179|0x000000078b300000, 0x000000078b400000, 0x000000078b400000|100%| E|CS|TAMS 0x000000078b300000, 0x000000078b300000| Complete 
| 180|0x000000078b400000, 0x000000078b500000, 0x000000078b500000|100%| E|CS|TAMS 0x000000078b400000, 0x000000078b400000| Complete 
| 181|0x000000078b500000, 0x000000078b600000, 0x000000078b600000|100%| E|CS|TAMS 0x000000078b500000, 0x000000078b500000| Complete 
| 182|0x000000078b600000, 0x000000078b700000, 0x000000078b700000|100%| E|CS|TAMS 0x000000078b600000, 0x000000078b600000| Complete 
| 183|0x000000078b700000, 0x000000078b800000, 0x000000078b800000|100%| E|CS|TAMS 0x000000078b700000, 0x000000078b700000| Complete 
| 184|0x000000078b800000, 0x000000078b900000, 0x000000078b900000|100%| E|CS|TAMS 0x000000078b800000, 0x000000078b800000| Complete 

Card table byte_map: [0x000000010e3c4000,0x000000010e7c4000] _byte_map_base: 0x000000010a7c4000

Marking Bits (Prev, Next): (CMBitMap*) 0x00007fb9a3821050, (CMBitMap*) 0x00007fb9a3821018
 Prev Bits: [0x0000000110bc4000, 0x0000000112bc4000)
 Next Bits: [0x000000010ebc4000, 0x0000000110bc4000)

Polling page: 0x0000000108e96000

Metaspace:

Usage:
  Non-class:     54.62 MB capacity,    53.37 MB ( 98%) used,     1.00 MB (  2%) free+waste,   258.94 KB ( <1%) overhead. 
      Class:      8.91 MB capacity,     8.08 MB ( 91%) used,   721.14 KB (  8%) free+waste,   127.12 KB (  1%) overhead. 
       Both:     63.54 MB capacity,    61.45 MB ( 97%) used,     1.71 MB (  3%) free+waste,   386.06 KB ( <1%) overhead. 

Virtual space:
  Non-class space:       56.00 MB reserved,      54.83 MB ( 98%) committed 
      Class space:        1.00 GB reserved,       9.00 MB ( <1%) committed 
             Both:        1.05 GB reserved,      63.83 MB (  6%) committed 

Chunk freelists:
   Non-Class:  5.00 KB
       Class:  26.00 KB
        Both:  31.00 KB

MaxMetaspaceSize: unlimited
CompressedClassSpaceSize: 1.00 GB
Initial GC threshold: 20.80 MB
Current GC threshold: 98.46 MB
CDS: off

CodeHeap 'non-profiled nmethods': size=238384Kb used=8987Kb max_used=8987Kb free=229396Kb
 bounds [0x000000011e2f7000, 0x000000011ebc7000, 0x000000012cbc3000]
CodeHeap 'non-nmethods': size=7376Kb used=1298Kb max_used=1298Kb free=6077Kb
 bounds [0x000000011dbc3000, 0x000000011de33000, 0x000000011e2f7000]
 total_blobs=6233 nmethods=5634 adapters=526
 compilation: enabled
              stopped_count=0, restarted_count=0
 full_count=0

Compilation events (20 events):
Event: 887.903 Thread 0x00007fb9a2826000 5626       1       java.util.concurrent.locks.AbstractQueuedSynchronizer::addWaiter (46 bytes)
Event: 887.911 Thread 0x00007fb9a2826000 nmethod 5626 0x000000011ebba190 code [0x000000011ebba420, 0x000000011ebbaf90]
Event: 887.911 Thread 0x00007fb9a2826000 5627       1       java.util.concurrent.locks.AbstractQueuedSynchronizer$Node::<init> (20 bytes)
Event: 887.911 Thread 0x00007fb9a2826000 nmethod 5627 0x000000011ebbb490 code [0x000000011ebbb680, 0x000000011ebbba90]
Event: 1132.564 Thread 0x00007fb9a2826000 5628       1       org.apache.catalina.loader.WebappLoader::getClassLoader (5 bytes)
Event: 1132.566 Thread 0x00007fb9a2826000 nmethod 5628 0x000000011ebbbc90 code [0x000000011ebbbe40, 0x000000011ebbbef0]
Event: 1212.583 Thread 0x00007fb9a2826000 5629       1       org.apache.catalina.core.StandardContext::getInstanceManager (5 bytes)
Event: 1212.583 Thread 0x00007fb9a2826000 nmethod 5629 0x000000011ebbbf90 code [0x000000011ebbc140, 0x000000011ebbc1f0]
Event: 1232.590 Thread 0x00007fb9a2826000 5630       1       org.apache.catalina.core.StandardContext::getThreadBindingListener (5 bytes)
Event: 1232.591 Thread 0x00007fb9a2826000 nmethod 5630 0x000000011ebbc290 code [0x000000011ebbc440, 0x000000011ebbc4f0]
Event: 1282.610 Thread 0x00007fb9a2826000 5631       1       java.util.concurrent.ConcurrentHashMap$CollectionView::size (8 bytes)
Event: 1282.610 Thread 0x00007fb9a2826000 nmethod 5631 0x000000011ebbc590 code [0x000000011ebbc740, 0x000000011ebbc860]
Event: 1282.610 Thread 0x00007fb9a2826000 5632       1       org.apache.catalina.core.StandardWrapper::getServlet (5 bytes)
Event: 1282.611 Thread 0x00007fb9a2826000 nmethod 5632 0x000000011ebbc910 code [0x000000011ebbcac0, 0x000000011ebbcb70]
Event: 1742.911 Thread 0x00007fb9a2826000 5633       1       com.zaxxer.hikari.HikariConfig::getMaximumPoolSize (5 bytes)
Event: 1742.912 Thread 0x00007fb9a2826000 nmethod 5633 0x000000011ebbcc10 code [0x000000011ebbcdc0, 0x000000011ebbce70]
Event: 1742.912 Thread 0x00007fb9a2826000 5634       1       com.zaxxer.hikari.HikariConfig::getMinimumIdle (5 bytes)
Event: 1742.913 Thread 0x00007fb9a2826000 nmethod 5634 0x000000011ebbcf10 code [0x000000011ebbd0c0, 0x000000011ebbd170]
Event: 1748.906 Thread 0x00007fb9a2826000 5635   !   1       java.util.concurrent.locks.AbstractQueuedSynchronizer::doAcquireInterruptibly (74 bytes)
Event: 1748.910 Thread 0x00007fb9a2826000 nmethod 5635 0x000000011ebbd210 code [0x000000011ebbd460, 0x000000011ebbdb50]

GC Heap History (20 events):
Event: 1.137 GC heap before
{Heap before GC invocations=1 (full 0):
 garbage-first heap   total 131072K, used 26635K [0x0000000780000000, 0x0000000800000000)
  region size 1024K, 22 young (22528K), 3 survivors (3072K)
 Metaspace       used 18926K, capacity 19464K, committed 19584K, reserved 1067008K
  class space    used 2178K, capacity 2419K, committed 2432K, reserved 1048576K
}
Event: 1.141 GC heap after
{Heap after GC invocations=2 (full 0):
 garbage-first heap   total 131072K, used 8773K [0x0000000780000000, 0x0000000800000000)
  region size 1024K, 2 young (2048K), 2 survivors (2048K)
 Metaspace       used 18926K, capacity 19464K, committed 19584K, reserved 1067008K
  class space    used 2178K, capacity 2419K, committed 2432K, reserved 1048576K
}
Event: 1.174 GC heap before
{Heap before GC invocations=2 (full 0):
 garbage-first heap   total 131072K, used 14917K [0x0000000780000000, 0x0000000800000000)
  region size 1024K, 9 young (9216K), 2 survivors (2048K)
 Metaspace       used 20520K, capacity 21149K, committed 21552K, reserved 1069056K
  class space    used 2363K, capacity 2644K, committed 2688K, reserved 1048576K
}
Event: 1.177 GC heap after
{Heap after GC invocations=3 (full 0):
 garbage-first heap   total 131072K, used 8901K [0x0000000780000000, 0x0000000800000000)
  region size 1024K, 2 young (2048K), 2 survivors (2048K)
 Metaspace       used 20520K, capacity 21149K, committed 21552K, reserved 1069056K
  class space    used 2363K, capacity 2644K, committed 2688K, reserved 1048576K
}
Event: 1.351 GC heap before
{Heap before GC invocations=4 (full 0):
 garbage-first heap   total 131072K, used 63173K [0x0000000780000000, 0x0000000800000000)
  region size 1024K, 56 young (57344K), 2 survivors (2048K)
 Metaspace       used 24206K, capacity 24996K, committed 25136K, reserved 1071104K
  class space    used 2833K, capacity 3117K, committed 3200K, reserved 1048576K
}
Event: 1.354 GC heap after
{Heap after GC invocations=5 (full 0):
 garbage-first heap   total 131072K, used 10272K [0x0000000780000000, 0x0000000800000000)
  region size 1024K, 3 young (3072K), 3 survivors (3072K)
 Metaspace       used 24206K, capacity 24996K, committed 25136K, reserved 1071104K
  class space    used 2833K, capacity 3117K, committed 3200K, reserved 1048576K
}
Event: 1.956 GC heap before
{Heap before GC invocations=5 (full 0):
 garbage-first heap   total 131072K, used 74784K [0x0000000780000000, 0x0000000800000000)
  region size 1024K, 66 young (67584K), 3 survivors (3072K)
 Metaspace       used 30612K, capacity 31681K, committed 31792K, reserved 1077248K
  class space    used 3777K, capacity 4194K, committed 4224K, reserved 1048576K
}
Event: 1.967 GC heap after
{Heap after GC invocations=6 (full 0):
 garbage-first heap   total 131072K, used 13736K [0x0000000780000000, 0x0000000800000000)
  region size 1024K, 7 young (7168K), 7 survivors (7168K)
 Metaspace       used 30612K, capacity 31681K, committed 31792K, reserved 1077248K
  class space    used 3777K, capacity 4194K, committed 4224K, reserved 1048576K
}
Event: 2.196 GC heap before
{Heap before GC invocations=6 (full 0):
 garbage-first heap   total 131072K, used 81320K [0x0000000780000000, 0x0000000800000000)
  region size 1024K, 74 young (75776K), 7 survivors (7168K)
 Metaspace       used 34095K, capacity 35358K, committed 35632K, reserved 1081344K
  class space    used 4205K, capacity 4696K, committed 4736K, reserved 1048576K
}
Event: 2.206 GC heap after
{Heap after GC invocations=7 (full 0):
 garbage-first heap   total 131072K, used 16257K [0x0000000780000000, 0x0000000800000000)
  region size 1024K, 8 young (8192K), 8 survivors (8192K)
 Metaspace       used 34095K, capacity 35358K, committed 35632K, reserved 1081344K
  class space    used 4205K, capacity 4696K, committed 4736K, reserved 1048576K
}
Event: 2.251 GC heap before
{Heap before GC invocations=7 (full 0):
 garbage-first heap   total 131072K, used 22401K [0x0000000780000000, 0x0000000800000000)
  region size 1024K, 15 young (15360K), 8 survivors (8192K)
 Metaspace       used 34447K, capacity 35734K, committed 35920K, reserved 1081344K
  class space    used 4259K, capacity 4779K, committed 4864K, reserved 1048576K
}
Event: 2.261 GC heap after
{Heap after GC invocations=8 (full 0):
 garbage-first heap   total 157696K, used 16375K [0x0000000780000000, 0x0000000800000000)
  region size 1024K, 3 young (3072K), 3 survivors (3072K)
 Metaspace       used 34447K, capacity 35734K, committed 35920K, reserved 1081344K
  class space    used 4259K, capacity 4779K, committed 4864K, reserved 1048576K
}
Event: 2.912 GC heap before
{Heap before GC invocations=9 (full 0):
 garbage-first heap   total 157696K, used 107511K [0x0000000780000000, 0x0000000800000000)
  region size 1024K, 92 young (94208K), 3 survivors (3072K)
 Metaspace       used 47756K, capacity 49190K, committed 49616K, reserved 1091584K
  class space    used 6127K, capacity 6679K, committed 6784K, reserved 1048576K
}
Event: 2.918 GC heap after
{Heap after GC invocations=10 (full 0):
 garbage-first heap   total 157696K, used 20564K [0x0000000780000000, 0x0000000800000000)
  region size 1024K, 8 young (8192K), 8 survivors (8192K)
 Metaspace       used 47756K, capacity 49190K, committed 49616K, reserved 1091584K
  class space    used 6127K, capacity 6679K, committed 6784K, reserved 1048576K
}
Event: 3.422 GC heap before
{Heap before GC invocations=10 (full 0):
 garbage-first heap   total 157696K, used 106580K [0x0000000780000000, 0x0000000800000000)
  region size 1024K, 92 young (94208K), 8 survivors (8192K)
 Metaspace       used 54423K, capacity 56165K, committed 56272K, reserved 1097728K
  class space    used 7085K, capacity 7786K, committed 7808K, reserved 1048576K
}
Event: 3.429 GC heap after
{Heap after GC invocations=11 (full 0):
 garbage-first heap   total 157696K, used 25350K [0x0000000780000000, 0x0000000800000000)
  region size 1024K, 10 young (10240K), 10 survivors (10240K)
 Metaspace       used 54423K, capacity 56165K, committed 56272K, reserved 1097728K
  class space    used 7085K, capacity 7786K, committed 7808K, reserved 1048576K
}
Event: 3.869 GC heap before
{Heap before GC invocations=11 (full 0):
 garbage-first heap   total 157696K, used 109318K [0x0000000780000000, 0x0000000800000000)
  region size 1024K, 92 young (94208K), 10 survivors (10240K)
 Metaspace       used 57885K, capacity 59823K, committed 59984K, reserved 1101824K
  class space    used 7597K, capacity 8383K, committed 8448K, reserved 1048576K
}
Event: 3.877 GC heap after
{Heap after GC invocations=12 (full 0):
 garbage-first heap   total 157696K, used 32379K [0x0000000780000000, 0x0000000800000000)
  region size 1024K, 12 young (12288K), 12 survivors (12288K)
 Metaspace       used 57885K, capacity 59823K, committed 59984K, reserved 1101824K
  class space    used 7597K, capacity 8383K, committed 8448K, reserved 1048576K
}
Event: 3.901 GC heap before
{Heap before GC invocations=12 (full 0):
 garbage-first heap   total 157696K, used 34427K [0x0000000780000000, 0x0000000800000000)
  region size 1024K, 15 young (15360K), 12 survivors (12288K)
 Metaspace       used 58183K, capacity 60121K, committed 60240K, reserved 1101824K
  class space    used 7635K, capacity 8399K, committed 8448K, reserved 1048576K
}
Event: 3.912 GC heap after
{Heap after GC invocations=13 (full 0):
 garbage-first heap   total 189440K, used 34057K [0x0000000780000000, 0x0000000800000000)
  region size 1024K, 2 young (2048K), 2 survivors (2048K)
 Metaspace       used 58183K, capacity 60121K, committed 60240K, reserved 1101824K
  class space    used 7635K, capacity 8399K, committed 8448K, reserved 1048576K
}

Deoptimization events (8 events):
Event: 1.743 Thread 0x00007fb9a3809000 DEOPT PACKING pc=0x000000011e594f1c sp=0x000070000f829410
Event: 1.743 Thread 0x00007fb9a3809000 DEOPT UNPACKING pc=0x000000011dc0d64a sp=0x000070000f828998 mode 0
Event: 3.322 Thread 0x00007fb9a3809000 DEOPT PACKING pc=0x000000011e5d3609 sp=0x000070000f829510
Event: 3.322 Thread 0x00007fb9a3809000 DEOPT UNPACKING pc=0x000000011dc0d64a sp=0x000070000f828a38 mode 3
Event: 10.402 Thread 0x00007fb9a2995800 DEOPT PACKING pc=0x000000011e455094 sp=0x0000700011581870
Event: 10.402 Thread 0x00007fb9a2995800 DEOPT UNPACKING pc=0x000000011dc0d64a sp=0x0000700011580da8 mode 0
Event: 15.488 Thread 0x00007fb9a29de800 DEOPT PACKING pc=0x000000011eb37324 sp=0x00007000120a27c0
Event: 15.488 Thread 0x00007fb9a29de800 DEOPT UNPACKING pc=0x000000011dc0d64a sp=0x00007000120a1c90 mode 0

Classes redefined (0 events):
No events

Internal exceptions (20 events):
Event: 15.586 Thread 0x00007fb9a29de800 Exception <a 'java/lang/ClassNotFoundException'{0x0000000789bf4348}: com/fasterxml/jackson/databind/JsonSerializerCustomizer> (0x0000000789bf4348) thrown at [./src/hotspot/share/classfile/systemDictionary.cpp, line 231]
Event: 15.586 Thread 0x00007fb9a29de800 Exception <a 'java/lang/ClassNotFoundException'{0x0000000789a0df68}: com/fasterxml/jackson/databind/ser/std/StdSerializerCustomizer> (0x0000000789a0df68) thrown at [./src/hotspot/share/classfile/systemDictionary.cpp, line 231]
Event: 15.587 Thread 0x00007fb9a29de800 Exception <a 'java/lang/ClassNotFoundException'{0x0000000789a29658}: org/springframework/hateoas/EntityModel$MapSuppressingUnwrappingSerializerCustomizer> (0x0000000789a29658) thrown at [./src/hotspot/share/classfile/systemDictionary.cpp, line 231]
Event: 15.588 Thread 0x00007fb9a29de800 Exception <a 'java/lang/ClassNotFoundException'{0x0000000789a45f08}: com/fasterxml/jackson/databind/ser/ContextualSerializerCustomizer> (0x0000000789a45f08) thrown at [./src/hotspot/share/classfile/systemDictionary.cpp, line 231]
Event: 15.588 Thread 0x00007fb9a29de800 Exception <a 'java/lang/ClassNotFoundException'{0x0000000789a5ad48}: com/fasterxml/jackson/databind/jsonFormatVisitors/JsonFormatVisitableCustomizer> (0x0000000789a5ad48) thrown at [./src/hotspot/share/classfile/systemDictionary.cpp, line 231]
Event: 15.589 Thread 0x00007fb9a29de800 Exception <a 'java/lang/ClassNotFoundException'{0x0000000789a6d5f0}: com/fasterxml/jackson/databind/jsonschema/SchemaAwareCustomizer> (0x0000000789a6d5f0) thrown at [./src/hotspot/share/classfile/systemDictionary.cpp, line 231]
Event: 15.589 Thread 0x00007fb9a29de800 Exception <a 'java/lang/ClassNotFoundException'{0x0000000789a82af8}: com/fasterxml/jackson/databind/jsonFormatVisitors/JsonFormatVisitableCustomizer> (0x0000000789a82af8) thrown at [./src/hotspot/share/classfile/systemDictionary.cpp, line 231]
Event: 15.605 Thread 0x00007fb9a29de800 Exception <a 'java/lang/ClassNotFoundException'{0x00000007899c2680}: java/lang/ObjectCustomizer> (0x00000007899c2680) thrown at [./src/hotspot/share/classfile/systemDictionary.cpp, line 231]
Event: 15.606 Thread 0x00007fb9a29de800 Exception <a 'java/lang/ClassNotFoundException'{0x00000007899d66a0}: com/fasterxml/jackson/databind/JsonSerializerCustomizer> (0x00000007899d66a0) thrown at [./src/hotspot/share/classfile/systemDictionary.cpp, line 231]
Event: 15.606 Thread 0x00007fb9a29de800 Exception <a 'java/lang/ClassNotFoundException'{0x00000007899efe00}: com/fasterxml/jackson/databind/ser/std/StdSerializerCustomizer> (0x00000007899efe00) thrown at [./src/hotspot/share/classfile/systemDictionary.cpp, line 231]
Event: 15.607 Thread 0x00007fb9a29de800 Exception <a 'java/lang/ClassNotFoundException'{0x000000078980a190}: com/fasterxml/jackson/databind/ser/std/StdScalarSerializerCustomizer> (0x000000078980a190) thrown at [./src/hotspot/share/classfile/systemDictionary.cpp, line 231]
Event: 15.608 Thread 0x00007fb9a29de800 Exception <a 'java/lang/ClassNotFoundException'{0x0000000789826bf0}: org/springframework/hateoas/mediatype/hal/Jackson2HalModule$TrueOnlyBooleanSerializerCustomizer> (0x0000000789826bf0) thrown at [./src/hotspot/share/classfile/systemDictionary.cpp, line 231]
Event: 15.608 Thread 0x00007fb9a29de800 Exception <a 'java/lang/ClassNotFoundException'{0x0000000789845de8}: com/fasterxml/jackson/databind/jsonFormatVisitors/JsonFormatVisitableCustomizer> (0x0000000789845de8) thrown at [./src/hotspot/share/classfile/systemDictionary.cpp, line 231]
Event: 15.608 Thread 0x00007fb9a29de800 Exception <a 'java/lang/ClassNotFoundException'{0x0000000789858bb0}: com/fasterxml/jackson/databind/jsonschema/SchemaAwareCustomizer> (0x0000000789858bb0) thrown at [./src/hotspot/share/classfile/systemDictionary.cpp, line 231]
Event: 15.608 Thread 0x00007fb9a29de800 Exception <a 'java/lang/ClassNotFoundException'{0x000000078986e360}: com/fasterxml/jackson/databind/jsonFormatVisitors/JsonFormatVisitableCustomizer> (0x000000078986e360) thrown at [./src/hotspot/share/classfile/systemDictionary.cpp, line 231]
Event: 21.615 Thread 0x00007fb9a1970000 Exception <a 'java/lang/ClassNotFoundException'{0x000000078973f1d8}: java/lang/ObjectCustomizer> (0x000000078973f1d8) thrown at [./src/hotspot/share/classfile/systemDictionary.cpp, line 231]
Event: 21.616 Thread 0x00007fb9a1970000 Exception <a 'java/lang/ClassNotFoundException'{0x00000007897532b0}: com/example/accessingdatarest/MembershipTypeCustomizer> (0x00000007897532b0) thrown at [./src/hotspot/share/classfile/systemDictionary.cpp, line 231]
Event: 177.456 Thread 0x00007fb9a2a12000 Exception <a 'java/lang/NoSuchMethodError'{0x000000078930b118}: 'java.lang.Object java.lang.invoke.DirectMethodHandle$Holder.invokeInterface(java.lang.Object, java.lang.Object, java.lang.Object, java.lang.Object)'> (0x000000078930b118) thrown at [./src/hotspot/share/interpreter/linkResolver.cpp, line 773]
Event: 177.485 Thread 0x00007fb9a2a12000 Exception <a 'java/lang/reflect/InvocationTargetException'{0x00000007893e2868}> (0x00000007893e2868) thrown at [./src/hotspot/share/runtime/reflection.cpp, line 1247]
Event: 177.498 Thread 0x00007fb9a2a12000 Exception <a 'java/lang/NoClassDefFoundError'{0x0000000789254c60}: sun/reflect/Reflection> (0x0000000789254c60) thrown at [./src/hotspot/share/classfile/systemDictionary.cpp, line 220]

Events (20 events):
Event: 177.516 loading class com/fasterxml/jackson/databind/ser/impl/TypeWrappedSerializer done
Event: 177.520 Executing VM operation: RevokeBias
Event: 177.520 Executing VM operation: RevokeBias done
Event: 177.520 loading class com/fasterxml/jackson/databind/ser/impl/PropertySerializerMap$SerializerAndMapResult
Event: 177.520 loading class com/fasterxml/jackson/databind/ser/impl/PropertySerializerMap$SerializerAndMapResult done
Event: 177.521 loading class com/fasterxml/jackson/databind/ser/impl/PropertySerializerMap$Double
Event: 177.521 loading class com/fasterxml/jackson/databind/ser/impl/PropertySerializerMap$Double done
Event: 177.521 loading class com/fasterxml/jackson/databind/ser/impl/PropertySerializerMap$TypeAndSerializer
Event: 177.521 loading class com/fasterxml/jackson/databind/ser/impl/PropertySerializerMap$TypeAndSerializer done
Event: 177.521 loading class com/fasterxml/jackson/databind/ser/impl/PropertySerializerMap$Multi
Event: 177.521 loading class com/fasterxml/jackson/databind/ser/impl/PropertySerializerMap$Multi done
Event: 177.523 Executing VM operation: RevokeBias
Event: 177.523 Executing VM operation: RevokeBias done
Event: 177.523 Executing VM operation: RevokeBias
Event: 177.523 Executing VM operation: RevokeBias done
Event: 381.865 Loaded shared library /Library/Java/JavaVirtualMachines/temurin-11.jdk/Contents/Home/lib/libnio.dylib
Event: 1758.752 loading class java/sql/Connection
Event: 1758.752 loading class java/sql/Connection done
Event: 1758.755 loading class com/zaxxer/hikari/pool/HikariPool
Event: 1758.755 loading class com/zaxxer/hikari/pool/HikariPool done


Dynamic libraries:
0x00007fff34f9f000 	/System/Library/Frameworks/Cocoa.framework/Versions/A/Cocoa
0x00007fff222e4000 	/System/Library/Frameworks/Security.framework/Versions/A/Security
0x00007fff331a7000 	/System/Library/Frameworks/ApplicationServices.framework/Versions/A/ApplicationServices
0x00007fff2a566000 	/usr/lib/libz.1.dylib
0x0000000108e22000 	/Library/Java/JavaVirtualMachines/temurin-11.jdk/Contents/Home/lib/jli/libjli.dylib
0x00007fff2a62e000 	/usr/lib/libSystem.B.dylib
0x00007fff22d15000 	/System/Library/Frameworks/AppKit.framework/Versions/C/AppKit
0x00007fff25bd9000 	/System/Library/Frameworks/CoreData.framework/Versions/A/CoreData
0x00007fff2127c000 	/System/Library/Frameworks/Foundation.framework/Versions/C/Foundation
0x00007fff23a61000 	/System/Library/PrivateFrameworks/UIFoundation.framework/Versions/A/UIFoundation
0x00007fff2fc61000 	/System/Library/PrivateFrameworks/RemoteViewServices.framework/Versions/A/RemoteViewServices
0x00007fff28a72000 	/System/Library/PrivateFrameworks/XCTTargetBootstrap.framework/Versions/A/XCTTargetBootstrap
0x00007fff2b757000 	/usr/lib/libspindump.dylib
0x00007fff23cb0000 	/System/Library/Frameworks/UniformTypeIdentifiers.framework/Versions/A/UniformTypeIdentifiers
0x00007fff27276000 	/usr/lib/libapp_launch_measurement.dylib
0x00007fff27279000 	/System/Library/PrivateFrameworks/CoreAutoLayout.framework/Versions/A/CoreAutoLayout
0x00007fff283d9000 	/System/Library/Frameworks/Metal.framework/Versions/A/Metal
0x00007fff290cf000 	/usr/lib/liblangid.dylib
0x00007fff28a76000 	/System/Library/PrivateFrameworks/CoreSVG.framework/Versions/A/CoreSVG
0x00007fff24cf0000 	/System/Library/PrivateFrameworks/SkyLight.framework/Versions/A/SkyLight
0x00007fff25056000 	/System/Library/Frameworks/CoreGraphics.framework/Versions/A/CoreGraphics
0x00007fff30188000 	/System/Library/Frameworks/Accelerate.framework/Versions/A/Accelerate
0x00007fff2b195000 	/System/Library/PrivateFrameworks/IconServices.framework/Versions/A/IconServices
0x00007fff283bd000 	/System/Library/Frameworks/IOSurface.framework/Versions/A/IOSurface
0x00007fff26561000 	/usr/lib/libDiagnosticMessagesClient.dylib
0x00007fff28a5e000 	/System/Library/PrivateFrameworks/DFRFoundation.framework/Versions/A/DFRFoundation
0x00007fff2263c000 	/usr/lib/libicucore.A.dylib
0x00007fff2cca0000 	/System/Library/Frameworks/AudioToolbox.framework/Versions/A/AudioToolbox
0x00007fff2bf28000 	/System/Library/PrivateFrameworks/DataDetectorsCore.framework/Versions/A/DataDetectorsCore
0x00007fff24c63000 	/usr/lib/libMobileGestalt.dylib
0x00007fff28762000 	/System/Library/Frameworks/Carbon.framework/Versions/A/Frameworks/HIToolbox.framework/Versions/A/HIToolbox
0x00007fff26cbb000 	/System/Library/Frameworks/QuartzCore.framework/Versions/A/QuartzCore
0x00007fff2fc99000 	/System/Library/Frameworks/Carbon.framework/Versions/A/Frameworks/SpeechRecognition.framework/Versions/A/SpeechRecognition
0x00007fff26fdb000 	/System/Library/PrivateFrameworks/CoreUI.framework/Versions/A/CoreUI
0x00007fff21c52000 	/System/Library/Frameworks/CoreAudio.framework/Versions/A/CoreAudio
0x00007fff2664c000 	/System/Library/Frameworks/DiskArbitration.framework/Versions/A/DiskArbitration
0x00007fff2bb25000 	/System/Library/PrivateFrameworks/MultitouchSupport.framework/Versions/A/MultitouchSupport
0x00007fff2bf1f000 	/System/Library/PrivateFrameworks/InternationalSupport.framework/Versions/A/InternationalSupport
0x00007fff24c62000 	/usr/lib/libenergytrace.dylib
0x00007fff22c0c000 	/System/Library/Frameworks/IOKit.framework/Versions/A/IOKit
0x00007fff2ffcc000 	/System/Library/Frameworks/CoreServices.framework/Versions/A/CoreServices
0x00007fff27208000 	/System/Library/PrivateFrameworks/PerformanceAnalysis.framework/Versions/A/PerformanceAnalysis
0x00007fff6bb37000 	/System/Library/Frameworks/OpenGL.framework/Versions/A/OpenGL
0x00007fff2bfa3000 	/System/Library/PrivateFrameworks/UserActivity.framework/Versions/A/UserActivity
0x00007fff202ed000 	/usr/lib/libobjc.A.dylib
0x00007fff256e0000 	/System/Library/Frameworks/ColorSync.framework/Versions/A/ColorSync
0x00007fff204cd000 	/System/Library/Frameworks/CoreFoundation.framework/Versions/A/CoreFoundation
0x00007fff28cdd000 	/System/Library/Frameworks/CoreImage.framework/Versions/A/CoreImage
0x00007fff21a6c000 	/System/Library/Frameworks/CoreText.framework/Versions/A/CoreText
0x00007fff28aa0000 	/System/Library/Frameworks/ImageIO.framework/Versions/A/ImageIO
0x00007fff2a634000 	/System/Library/PrivateFrameworks/SoftLinking.framework/Versions/A/SoftLinking
0x00007fff272c1000 	/usr/lib/libxml2.2.dylib
0x00007fff203b3000 	/usr/lib/libc++.1.dylib
0x00007fff2a8a5000 	/usr/lib/libcompression.dylib
0x00007fff2be51000 	/System/Library/PrivateFrameworks/TextureIO.framework/Versions/A/TextureIO
0x00007fff2aed4000 	/usr/lib/libate.dylib
0x00007fff2a628000 	/usr/lib/system/libcache.dylib
0x00007fff2a5e4000 	/usr/lib/system/libcommonCrypto.dylib
0x00007fff2a60e000 	/usr/lib/system/libcompiler_rt.dylib
0x00007fff2a603000 	/usr/lib/system/libcopyfile.dylib
0x00007fff201dd000 	/usr/lib/system/libcorecrypto.dylib
0x00007fff202a8000 	/usr/lib/system/libdispatch.dylib
0x00007fff2045b000 	/usr/lib/system/libdyld.dylib
0x00007fff2a61f000 	/usr/lib/system/libkeymgr.dylib
0x00007fff2da37000 	/usr/lib/system/liblaunch.dylib
0x00007fff2a5c2000 	/usr/lib/system/libmacho.dylib
0x00007fff29dba000 	/usr/lib/system/libquarantine.dylib
0x00007fff2a61c000 	/usr/lib/system/libremovefile.dylib
0x00007fff24cc0000 	/usr/lib/system/libsystem_asl.dylib
0x00007fff2018d000 	/usr/lib/system/libsystem_blocks.dylib
0x00007fff2032a000 	/usr/lib/system/libsystem_c.dylib
0x00007fff2a616000 	/usr/lib/system/libsystem_collections.dylib
0x00007fff290c0000 	/usr/lib/system/libsystem_configuration.dylib
0x00007fff283ac000 	/usr/lib/system/libsystem_containermanager.dylib
0x00007fff2a365000 	/usr/lib/system/libsystem_coreservices.dylib
0x00007fff2289c000 	/usr/lib/system/libsystem_darwin.dylib
0x00007fff2a620000 	/usr/lib/system/libsystem_dnssd.dylib
0x00007fff20327000 	/usr/lib/system/libsystem_featureflags.dylib
0x00007fff204a1000 	/usr/lib/system/libsystem_info.dylib
0x00007fff2a579000 	/usr/lib/system/libsystem_m.dylib
0x00007fff2027b000 	/usr/lib/system/libsystem_malloc.dylib
0x00007fff24c53000 	/usr/lib/system/libsystem_networkextension.dylib
0x00007fff22cbb000 	/usr/lib/system/libsystem_notify.dylib
0x00007fff2fece000 	/usr/lib/system/libsystem_product_info_filter.dylib
0x00007fff290c4000 	/usr/lib/system/libsystem_sandbox.dylib
0x00007fff2a619000 	/usr/lib/system/libsystem_secinit.dylib
0x00007fff2041f000 	/usr/lib/system/libsystem_kernel.dylib
0x00007fff20497000 	/usr/lib/system/libsystem_platform.dylib
0x00007fff2044f000 	/usr/lib/system/libsystem_pthread.dylib
0x00007fff2639d000 	/usr/lib/system/libsystem_symptoms.dylib
0x00007fff201c5000 	/usr/lib/system/libsystem_trace.dylib
0x00007fff2a5f0000 	/usr/lib/system/libunwind.dylib
0x00007fff2018f000 	/usr/lib/system/libxpc.dylib
0x00007fff20409000 	/usr/lib/libc++abi.dylib
0x00007fff2a5fb000 	/usr/lib/liboah.dylib
0x00007fff2acb9000 	/usr/lib/liblzma.5.dylib
0x00007fff20f90000 	/System/Library/Frameworks/SystemConfiguration.framework/Versions/A/SystemConfiguration
0x00007fff2a630000 	/usr/lib/libfakelink.dylib
0x00007fff247b4000 	/System/Library/Frameworks/CFNetwork.framework/Versions/A/CFNetwork
0x00007fff2a770000 	/usr/lib/libarchive.2.dylib
0x00007fff2100e000 	/usr/lib/libCRFSuite.dylib
0x00007fff29de1000 	/usr/lib/libbsm.0.dylib
0x00007fff2412d000 	/usr/lib/libnetwork.dylib
0x00007fff2a635000 	/usr/lib/libpcap.A.dylib
0x00007fff26396000 	/usr/lib/libdns_services.dylib
0x00007fff2acd2000 	/usr/lib/libcoretls_cfhelpers.dylib
0x00007fff2a86f000 	/usr/lib/libapple_nghttp2.dylib
0x00007fff2a5c8000 	/usr/lib/system/libkxld.dylib
0x00007fff2600f000 	/usr/lib/libsqlite3.dylib
0x00007fff2a348000 	/System/Library/PrivateFrameworks/AppleFSCompression.framework/Versions/A/AppleFSCompression
0x00007fff29dc9000 	/usr/lib/libcoretls.dylib
0x00007fff2a8a0000 	/usr/lib/libpam.2.dylib
0x00007fff2add0000 	/usr/lib/libxar.1.dylib
0x00007fff290cb000 	/System/Library/PrivateFrameworks/AppleSystemInfo.framework/Versions/A/AppleSystemInfo
0x00007fff29a0b000 	/System/Library/PrivateFrameworks/IOMobileFramebuffer.framework/Versions/A/IOMobileFramebuffer
0x00007fff2a358000 	/usr/lib/libbz2.1.0.dylib
0x00007fff2a66d000 	/usr/lib/libiconv.2.dylib
0x00007fff2a5c1000 	/usr/lib/libcharset.1.dylib
0x00007fff27244000 	/System/Library/Frameworks/CoreServices.framework/Versions/A/Frameworks/FSEvents.framework/Versions/A/FSEvents
0x00007fff228a6000 	/System/Library/Frameworks/CoreServices.framework/Versions/A/Frameworks/CarbonCore.framework/Versions/A/CarbonCore
0x00007fff265b1000 	/System/Library/Frameworks/CoreServices.framework/Versions/A/Frameworks/Metadata.framework/Versions/A/Metadata
0x00007fff2a36a000 	/System/Library/Frameworks/CoreServices.framework/Versions/A/Frameworks/OSServices.framework/Versions/A/OSServices
0x00007fff2a7e2000 	/System/Library/Frameworks/CoreServices.framework/Versions/A/Frameworks/SearchKit.framework/Versions/A/SearchKit
0x00007fff26321000 	/System/Library/Frameworks/CoreServices.framework/Versions/A/Frameworks/AE.framework/Versions/A/AE
0x00007fff2096b000 	/System/Library/Frameworks/CoreServices.framework/Versions/A/Frameworks/LaunchServices.framework/Versions/A/LaunchServices
0x00007fff2ac69000 	/System/Library/Frameworks/CoreServices.framework/Versions/A/Frameworks/DictionaryServices.framework/Versions/A/DictionaryServices
0x00007fff27251000 	/System/Library/Frameworks/CoreServices.framework/Versions/A/Frameworks/SharedFileList.framework/Versions/A/SharedFileList
0x00007fff29dbd000 	/usr/lib/libCheckFix.dylib
0x00007fff24cd7000 	/System/Library/PrivateFrameworks/TCC.framework/Versions/A/TCC
0x00007fff290d1000 	/System/Library/PrivateFrameworks/CoreNLP.framework/Versions/A/CoreNLP
0x00007fff26564000 	/System/Library/PrivateFrameworks/MetadataUtilities.framework/Versions/A/MetadataUtilities
0x00007fff21043000 	/usr/lib/libmecabra.dylib
0x00007fff2a0c7000 	/System/Library/Frameworks/MLCompute.framework/Versions/A/MLCompute
0x00007fff29df2000 	/usr/lib/libmecab.dylib
0x00007fff29e3c000 	/usr/lib/libgermantok.dylib
0x00007fff2a84a000 	/usr/lib/libThaiTokenizer.dylib
0x00007fff2ae0b000 	/usr/lib/libChineseTokenizer.dylib
0x00007fff2a89e000 	/System/Library/Frameworks/MetalPerformanceShaders.framework/Versions/A/MetalPerformanceShaders
0x00007fff26653000 	/System/Library/Frameworks/Accelerate.framework/Versions/A/Frameworks/vImage.framework/Versions/A/vImage
0x00007fff2ffa6000 	/System/Library/Frameworks/Accelerate.framework/Versions/A/Frameworks/vecLib.framework/Versions/A/vecLib
0x00007fff2ae16000 	/System/Library/Frameworks/Accelerate.framework/Versions/A/Frameworks/vecLib.framework/Versions/A/libvMisc.dylib
0x00007fff29826000 	/System/Library/Frameworks/Accelerate.framework/Versions/A/Frameworks/vecLib.framework/Versions/A/libvDSP.dylib
0x00007fff20c76000 	/System/Library/Frameworks/Accelerate.framework/Versions/A/Frameworks/vecLib.framework/Versions/A/libBLAS.dylib
0x00007fff2a8cb000 	/System/Library/Frameworks/Accelerate.framework/Versions/A/Frameworks/vecLib.framework/Versions/A/libLAPACK.dylib
0x00007fff29e42000 	/System/Library/Frameworks/Accelerate.framework/Versions/A/Frameworks/vecLib.framework/Versions/A/libLinearAlgebra.dylib
0x00007fff2a887000 	/System/Library/Frameworks/Accelerate.framework/Versions/A/Frameworks/vecLib.framework/Versions/A/libSparseBLAS.dylib
0x00007fff2a8c5000 	/System/Library/Frameworks/Accelerate.framework/Versions/A/Frameworks/vecLib.framework/Versions/A/libQuadrature.dylib
0x00007fff2917d000 	/System/Library/Frameworks/Accelerate.framework/Versions/A/Frameworks/vecLib.framework/Versions/A/libBNNS.dylib
0x00007fff20f21000 	/System/Library/Frameworks/Accelerate.framework/Versions/A/Frameworks/vecLib.framework/Versions/A/libSparse.dylib
0x00007fff29059000 	/System/Library/Frameworks/MetalPerformanceShaders.framework/Versions/A/Frameworks/MPSCore.framework/Versions/A/MPSCore
0x00007fff2a2b7000 	/System/Library/Frameworks/MetalPerformanceShaders.framework/Versions/A/Frameworks/MPSImage.framework/Versions/A/MPSImage
0x00007fff29e58000 	/System/Library/Frameworks/MetalPerformanceShaders.framework/Versions/A/Frameworks/MPSNeuralNetwork.framework/Versions/A/MPSNeuralNetwork
0x00007fff2a229000 	/System/Library/Frameworks/MetalPerformanceShaders.framework/Versions/A/Frameworks/MPSMatrix.framework/Versions/A/MPSMatrix
0x00007fff2a077000 	/System/Library/Frameworks/MetalPerformanceShaders.framework/Versions/A/Frameworks/MPSRayIntersector.framework/Versions/A/MPSRayIntersector
0x00007fff2a260000 	/System/Library/Frameworks/MetalPerformanceShaders.framework/Versions/A/Frameworks/MPSNDArray.framework/Versions/A/MPSNDArray
0x00007fff20ba1000 	/System/Library/PrivateFrameworks/MetalTools.framework/Versions/A/MetalTools
0x00007fff290c9000 	/System/Library/PrivateFrameworks/AggregateDictionary.framework/Versions/A/AggregateDictionary
0x00007fff26531000 	/System/Library/PrivateFrameworks/CoreAnalytics.framework/Versions/A/CoreAnalytics
0x00007fff2a84c000 	/System/Library/PrivateFrameworks/AppleSauce.framework/Versions/A/AppleSauce
0x00007fff283cf000 	/System/Library/PrivateFrameworks/IOAccelerator.framework/Versions/A/IOAccelerator
0x00007fff6bb2b000 	/System/Library/Frameworks/OpenGL.framework/Versions/A/Libraries/libCoreFSCache.dylib
0x00007fff215db000 	/System/Library/PrivateFrameworks/LanguageModeling.framework/Versions/A/LanguageModeling
0x00007fff299f9000 	/System/Library/PrivateFrameworks/CoreEmoji.framework/Versions/A/CoreEmoji
0x00007fff29176000 	/System/Library/PrivateFrameworks/LinguisticData.framework/Versions/A/LinguisticData
0x00007fff20ed3000 	/System/Library/PrivateFrameworks/Lexicon.framework/Versions/A/Lexicon
0x00007fff2a75e000 	/usr/lib/libcmph.dylib
0x00007fff27224000 	/System/Library/Frameworks/OpenDirectory.framework/Versions/A/Frameworks/CFOpenDirectory.framework/Versions/A/CFOpenDirectory
0x00007fff27214000 	/System/Library/Frameworks/OpenDirectory.framework/Versions/A/OpenDirectory
0x00007fff2acd4000 	/System/Library/PrivateFrameworks/APFS.framework/Versions/A/APFS
0x00007fff29d1f000 	/System/Library/Frameworks/SecurityFoundation.framework/Versions/A/SecurityFoundation
0x00007fff2adde000 	/usr/lib/libutil.dylib
0x00007fff22bd1000 	/System/Library/PrivateFrameworks/CoreServicesStore.framework/Versions/A/CoreServicesStore
0x00007fff29db5000 	/System/Library/Frameworks/ServiceManagement.framework/Versions/A/ServiceManagement
0x00007fff2ade2000 	/usr/lib/libxslt.1.dylib
0x00007fff29dab000 	/System/Library/PrivateFrameworks/BackgroundTaskManagement.framework/Versions/A/BackgroundTaskManagement
0x00007fff2bd9b000 	/System/Library/Frameworks/ImageIO.framework/Versions/A/Resources/libRadiance.dylib
0x00007fff2bda5000 	/System/Library/Frameworks/ImageIO.framework/Versions/A/Resources/libJPEG.dylib
0x00007fff2bcef000 	/System/Library/Frameworks/ImageIO.framework/Versions/A/Resources/libPng.dylib
0x00007fff2bd16000 	/System/Library/Frameworks/ImageIO.framework/Versions/A/Resources/libTIFF.dylib
0x00007fff2bdfa000 	/System/Library/Frameworks/ImageIO.framework/Versions/A/Resources/libGIF.dylib
0x00007fff2ba41000 	/System/Library/Frameworks/ImageIO.framework/Versions/A/Resources/libJP2.dylib
0x00007fff2b15d000 	/usr/lib/libexpat.1.dylib
0x00007fff2b9f7000 	/System/Library/PrivateFrameworks/AppleJPEG.framework/Versions/A/AppleJPEG
0x00007fff28605000 	/System/Library/PrivateFrameworks/FontServices.framework/libFontParser.dylib
0x00007fff262d8000 	/System/Library/PrivateFrameworks/RunningBoardServices.framework/Versions/A/RunningBoardServices
0x00007fff2bb21000 	/System/Library/PrivateFrameworks/WatchdogClient.framework/Versions/A/WatchdogClient
0x00007fff216c4000 	/System/Library/Frameworks/CoreDisplay.framework/Versions/A/CoreDisplay
0x00007fff2851a000 	/System/Library/Frameworks/CoreMedia.framework/Versions/A/CoreMedia
0x00007fff273a4000 	/System/Library/Frameworks/CoreVideo.framework/Versions/A/CoreVideo
0x00007fff2bb5c000 	/System/Library/Frameworks/VideoToolbox.framework/Versions/A/VideoToolbox
0x00007fff26258000 	/System/Library/PrivateFrameworks/BaseBoard.framework/Versions/A/BaseBoard
0x00007fff2b2a1000 	/System/Library/PrivateFrameworks/PersistentConnection.framework/Versions/A/PersistentConnection
0x00007fff25ff9000 	/System/Library/PrivateFrameworks/ProtocolBuffer.framework/Versions/A/ProtocolBuffer
0x00007fff26240000 	/System/Library/PrivateFrameworks/CommonUtilities.framework/Versions/A/CommonUtilities
0x00007fff2b9ba000 	/System/Library/PrivateFrameworks/Bom.framework/Versions/A/Bom
0x00007fff2bd93000 	/System/Library/PrivateFrameworks/GPUWrangler.framework/Versions/A/GPUWrangler
0x00007fff2bd76000 	/System/Library/PrivateFrameworks/IOPresentment.framework/Versions/A/IOPresentment
0x00007fff2bd9f000 	/System/Library/PrivateFrameworks/DSExternalDisplay.framework/Versions/A/DSExternalDisplay
0x00007fff2bdff000 	/System/Library/PrivateFrameworks/CMCaptureCore.framework/Versions/A/CMCaptureCore
0x00007fff2b73d000 	/System/Library/PrivateFrameworks/AppServerSupport.framework/Versions/A/AppServerSupport
0x00007fff2d7da000 	/System/Library/PrivateFrameworks/perfdata.framework/Versions/A/perfdata
0x00007fff29d0e000 	/System/Library/PrivateFrameworks/AssertionServices.framework/Versions/A/AssertionServices
0x00007fff217fb000 	/System/Library/PrivateFrameworks/AudioToolboxCore.framework/Versions/A/AudioToolboxCore
0x00007fff284fd000 	/System/Library/PrivateFrameworks/caulk.framework/Versions/A/caulk
0x00007fff3cc86000 	/System/Library/PrivateFrameworks/SystemPolicy.framework/Versions/A/SystemPolicy
0x00007fff2af6c000 	/usr/lib/libIOReport.dylib
0x00007fff2d016000 	/usr/lib/libSMC.dylib
0x00007fff2bcbb000 	/usr/lib/libAudioToolboxUtility.dylib
0x00007fff3d5e3000 	/usr/lib/libmis.dylib
0x00007fff6bb87000 	/System/Library/Frameworks/OpenGL.framework/Versions/A/Libraries/libGLU.dylib
0x00007fff6bb4a000 	/System/Library/Frameworks/OpenGL.framework/Versions/A/Libraries/libGFXShared.dylib
0x00007fff6bd58000 	/System/Library/Frameworks/OpenGL.framework/Versions/A/Libraries/libGL.dylib
0x00007fff6bb53000 	/System/Library/Frameworks/OpenGL.framework/Versions/A/Libraries/libGLImage.dylib
0x00007fff6bb47000 	/System/Library/Frameworks/OpenGL.framework/Versions/A/Libraries/libCVMSPluginSupport.dylib
0x00007fff6bb32000 	/System/Library/Frameworks/OpenGL.framework/Versions/A/Libraries/libCoreVMClient.dylib
0x00007fff6d1a2000 	/System/Library/Frameworks/OpenCL.framework/Versions/A/OpenCL
0x00007fff2b2ca000 	/System/Library/PrivateFrameworks/GraphVisualizer.framework/Versions/A/GraphVisualizer
0x00007fff2b2d9000 	/System/Library/PrivateFrameworks/FaceCore.framework/Versions/A/FaceCore
0x00007fff2b6f5000 	/System/Library/PrivateFrameworks/OTSVG.framework/Versions/A/OTSVG
0x00007fff26f99000 	/System/Library/Frameworks/ApplicationServices.framework/Versions/A/Frameworks/ATS.framework/Versions/A/Resources/libFontRegistry.dylib
0x00007fff2b744000 	/System/Library/PrivateFrameworks/FontServices.framework/libhvf.dylib
0x00007fff2b109000 	/System/Library/PrivateFrameworks/AppleVA.framework/Versions/A/AppleVA
0x00007fff2ce5e000 	/System/Library/Frameworks/ApplicationServices.framework/Versions/A/Frameworks/ATS.framework/Versions/A/ATS
0x00007fff2d171000 	/System/Library/Frameworks/ApplicationServices.framework/Versions/A/Frameworks/ColorSyncLegacy.framework/Versions/A/ColorSyncLegacy
0x00007fff257d7000 	/System/Library/Frameworks/ApplicationServices.framework/Versions/A/Frameworks/HIServices.framework/Versions/A/HIServices
0x00007fff2d156000 	/System/Library/Frameworks/ApplicationServices.framework/Versions/A/Frameworks/LangAnalysis.framework/Versions/A/LangAnalysis
0x00007fff2be09000 	/System/Library/Frameworks/ApplicationServices.framework/Versions/A/Frameworks/PrintCore.framework/Versions/A/PrintCore
0x00007fff2d179000 	/System/Library/Frameworks/ApplicationServices.framework/Versions/A/Frameworks/QD.framework/Versions/A/QD
0x00007fff2ce4e000 	/System/Library/Frameworks/ApplicationServices.framework/Versions/A/Frameworks/SpeechSynthesis.framework/Versions/A/SpeechSynthesis
0x00007fff2bdca000 	/System/Library/Frameworks/ApplicationServices.framework/Versions/A/Frameworks/ATSUI.framework/Versions/A/ATSUI
0x00007fff2d0f6000 	/usr/lib/libcups.2.dylib
0x00007fff2d166000 	/System/Library/PrivateFrameworks/NetAuth.framework/Versions/A/NetAuth
0x00007fff2d7f5000 	/System/Library/Frameworks/Kerberos.framework/Versions/A/Kerberos
0x00007fff2d805000 	/System/Library/Frameworks/GSS.framework/Versions/A/GSS
0x00007fff2cecb000 	/usr/lib/libresolv.9.dylib
0x00007fff2b75a000 	/System/Library/PrivateFrameworks/Heimdal.framework/Versions/A/Heimdal
0x00007fff334bc000 	/System/Library/Frameworks/Kerberos.framework/Versions/A/Libraries/libHeimdalProxy.dylib
0x00007fff263a5000 	/System/Library/Frameworks/Network.framework/Versions/A/Network
0x00007fff2b176000 	/usr/lib/libheimdal-asn1.dylib
0x00007fff2d856000 	/System/Library/PrivateFrameworks/CommonAuth.framework/Versions/A/CommonAuth
0x00007fff273f2000 	/System/Library/PrivateFrameworks/login.framework/Versions/A/Frameworks/loginsupport.framework/Versions/A/loginsupport
0x00007fff2cdd5000 	/System/Library/PrivateFrameworks/AudioSession.framework/Versions/A/AudioSession
0x00007fff2ce3b000 	/usr/lib/libAudioStatistics.dylib
0x00007fff2b202000 	/System/Library/PrivateFrameworks/MediaExperience.framework/Versions/A/MediaExperience
0x00007fff2cc6e000 	/System/Library/PrivateFrameworks/AudioSession.framework/libSessionUtility.dylib
0x00007fff2d7e6000 	/usr/lib/libperfcheck.dylib
0x00007fff2d185000 	/System/Library/PrivateFrameworks/AudioResourceArbitration.framework/Versions/A/AudioResourceArbitration
0x00007fff2b180000 	/System/Library/PrivateFrameworks/IconFoundation.framework/Versions/A/IconFoundation
0x00007fff2fc89000 	/System/Library/PrivateFrameworks/SpeechRecognitionCore.framework/Versions/A/SpeechRecognitionCore
0x000000010d000000 	/Library/Java/JavaVirtualMachines/temurin-11.jdk/Contents/Home/lib/server/libjvm.dylib
0x0000000108e4c000 	/Library/Java/JavaVirtualMachines/temurin-11.jdk/Contents/Home/lib/libverify.dylib
0x0000000108e5d000 	/Library/Java/JavaVirtualMachines/temurin-11.jdk/Contents/Home/lib/libjava.dylib
0x0000000108e8a000 	/Library/Java/JavaVirtualMachines/temurin-11.jdk/Contents/Home/lib/libjimage.dylib
0x0000000108e98000 	/Library/Java/JavaVirtualMachines/temurin-11.jdk/Contents/Home/lib/libinstrument.dylib
0x0000000108ef0000 	/Library/Java/JavaVirtualMachines/temurin-11.jdk/Contents/Home/lib/libzip.dylib
0x0000000108fa1000 	/Library/Java/JavaVirtualMachines/temurin-11.jdk/Contents/Home/lib/libnio.dylib
0x0000000108fb4000 	/Library/Java/JavaVirtualMachines/temurin-11.jdk/Contents/Home/lib/libnet.dylib
0x0000000108fcd000 	/Library/Java/JavaVirtualMachines/temurin-11.jdk/Contents/Home/lib/libextnet.dylib
0x0000000108fd5000 	/Library/Java/JavaVirtualMachines/temurin-11.jdk/Contents/Home/lib/libmanagement.dylib
0x0000000108fdf000 	/Library/Java/JavaVirtualMachines/temurin-11.jdk/Contents/Home/lib/libmanagement_ext.dylib
0x00000001151c4000 	/Library/Java/JavaVirtualMachines/temurin-11.jdk/Contents/Home/lib/libsunec.dylib


VM Arguments:
jvm_args: -XX:TieredStopAtLevel=1 -Xverify:none -Dspring.output.ansi.enabled=always -javaagent:/Applications/IntelliJ IDEA.app/Contents/lib/idea_rt.jar=58349:/Applications/IntelliJ IDEA.app/Contents/bin -Dcom.sun.management.jmxremote -Dspring.jmx.enabled=true -Dspring.liveBeansView.mbeanDomain -Dspring.application.admin.enabled=true -Dfile.encoding=UTF-8 
java_command: com.example.DemoApplication
java_class_path (initial): /Users/myleshann/Desktop/Semester 4/Sprint1Sem4/demo1-master/target/classes:/Users/myleshann/.m2/repository/org/springframework/boot/spring-boot-starter-web/2.5.6/spring-boot-starter-web-2.5.6.jar:/Users/myleshann/.m2/repository/org/springframework/boot/spring-boot-starter/2.5.6/spring-boot-starter-2.5.6.jar:/Users/myleshann/.m2/repository/org/springframework/boot/spring-boot/2.5.6/spring-boot-2.5.6.jar:/Users/myleshann/.m2/repository/org/springframework/boot/spring-boot-autoconfigure/2.5.6/spring-boot-autoconfigure-2.5.6.jar:/Users/myleshann/.m2/repository/org/springframework/boot/spring-boot-starter-logging/2.5.6/spring-boot-starter-logging-2.5.6.jar:/Users/myleshann/.m2/repository/ch/qos/logback/logback-classic/1.2.6/logback-classic-1.2.6.jar:/Users/myleshann/.m2/repository/ch/qos/logback/logback-core/1.2.6/logback-core-1.2.6.jar:/Users/myleshann/.m2/repository/org/apache/logging/log4j/log4j-to-slf4j/2.14.1/log4j-to-slf4j-2.14.1.jar:/Users/myleshann/.m2/repository/org/apache/logging/log4j/log4j-api/2.14.1/log4j-api-2.14.1.jar:/Users/myleshann/.m2/repository/org/slf4j/jul-to-slf4j/1.7.32/jul-to-slf4j-1.7.32.jar:/Users/myleshann/.m2/repository/jakarta/annotation/jakarta.annotation-api/1.3.5/jakarta.annotation-api-1.3.5.jar:/Users/myleshann/.m2/repository/org/yaml/snakeyaml/1.28/snakeyaml-1.28.jar:/Users/myleshann/.m2/repository/org/springframework/boot/spring-boot-starter-json/2.5.6/spring-boot-starter-json-2.5.6.jar:/Users/myleshann/.m2/repository/com/fasterxml/jackson/core/jackson-databind/2.12.5/jackson-databind-2.12.5.jar:/Users/myleshann/.m2/repository/com/fasterxml/jackson/core/jackson-core/2.12.5/jackson-core-2.12.5.jar:/Users/myleshann/.m2/repository/com/fasterxml/jackson/datatype/jackson-datatype-jdk8/2.12.5/jackson-datatype-jdk8-2.12.5.jar:/Users/myleshann/.m2/repository/com/fasterxml/jackson/datatype/jackson-datatype-jsr310/2.12.5/jackson-datatype-jsr310-2.12.5.jar:/Users/myleshann/.m2/repository/com/fasterxml/jackson/module/
Launcher Type: SUN_STANDARD

[Global flags]
     bool BytecodeVerificationLocal                = false                                     {product} {command line}
     bool BytecodeVerificationRemote               = false                                     {product} {command line}
     intx CICompilerCount                          = 4                                         {product} {ergonomic}
     uint ConcGCThreads                            = 2                                         {product} {ergonomic}
     uint G1ConcRefinementThreads                  = 8                                         {product} {ergonomic}
   size_t G1HeapRegionSize                         = 1048576                                   {product} {ergonomic}
    uintx GCDrainStackTargetSize                   = 64                                        {product} {ergonomic}
   size_t InitialHeapSize                          = 134217728                                 {product} {ergonomic}
     bool ManagementServer                         = true                                      {product} {command line}
   size_t MarkStackSize                            = 4194304                                   {product} {ergonomic}
   size_t MaxHeapSize                              = 2147483648                                {product} {ergonomic}
   size_t MaxNewSize                               = 1287651328                                {product} {ergonomic}
   size_t MinHeapDeltaBytes                        = 1048576                                   {product} {ergonomic}
    uintx NonNMethodCodeHeapSize                   = 7549744                                {pd product} {ergonomic}
    uintx NonProfiledCodeHeapSize                  = 244108496                              {pd product} {ergonomic}
    uintx ProfiledCodeHeapSize                     = 0                                      {pd product} {ergonomic}
    uintx ReservedCodeCacheSize                    = 251658240                              {pd product} {ergonomic}
     bool SegmentedCodeCache                       = true                                      {product} {ergonomic}
     intx TieredStopAtLevel                        = 1                                         {product} {command line}
     bool UseCompressedClassPointers               = true                                 {lp64_product} {ergonomic}
     bool UseCompressedOops                        = true                                 {lp64_product} {ergonomic}
     bool UseG1GC                                  = true                                      {product} {ergonomic}

Logging:
Log output configuration:
 #0: stdout all=warning uptime,level,tags
 #1: stderr all=off uptime,level,tags

Environment Variables:
PATH=/Library/Frameworks/Python.framework/Versions/3.9/bin:/usr/local/bin:/usr/bin:/bin:/usr/sbin:/sbin
SHELL=/bin/zsh
LC_CTYPE=en_CA.UTF-8

Signal Handlers:
SIGSEGV: [libjvm.dylib+0x7c73e4], sa_mask[0]=11111111011111110111111111111111, sa_flags=SA_ONSTACK|SA_RESTART|SA_SIGINFO
SIGBUS: [libjvm.dylib+0x7c73e4], sa_mask[0]=11111111011111110111111111111111, sa_flags=SA_RESTART|SA_SIGINFO
SIGFPE: [libjvm.dylib+0x7c73e4], sa_mask[0]=11111111011111110111111111111111, sa_flags=SA_RESTART|SA_SIGINFO
SIGPIPE: [libjvm.dylib+0x62c4e1], sa_mask[0]=11111111011111110111111111111111, sa_flags=SA_RESTART|SA_SIGINFO
SIGXFSZ: [libjvm.dylib+0x62c4e1], sa_mask[0]=11111111011111110111111111111111, sa_flags=SA_RESTART|SA_SIGINFO
SIGILL: [libjvm.dylib+0x7c73e4], sa_mask[0]=11111111011111110111111111111111, sa_flags=SA_RESTART|SA_SIGINFO
SIGUSR2: [libjvm.dylib+0x62cac9], sa_mask[0]=00100000000000000000000000000000, sa_flags=SA_RESTART|SA_SIGINFO
SIGHUP: [libjvm.dylib+0x62b667], sa_mask[0]=11111111011111110111111111111111, sa_flags=SA_RESTART|SA_SIGINFO
SIGINT: [libjvm.dylib+0x62b667], sa_mask[0]=11111111011111110111111111111111, sa_flags=SA_RESTART|SA_SIGINFO
SIGTERM: [libjvm.dylib+0x62b667], sa_mask[0]=11111111011111110111111111111111, sa_flags=SA_RESTART|SA_SIGINFO
SIGQUIT: [libjvm.dylib+0x62b667], sa_mask[0]=11111111011111110111111111111111, sa_flags=SA_RESTART|SA_SIGINFO


---------------  S Y S T E M  ---------------

OS:uname:Darwin 20.6.0 Darwin Kernel Version 20.6.0: Wed Jun 23 00:26:31 PDT 2021; root:xnu-7195.141.2~5/RELEASE_X86_64 x86_64
OS uptime: 2 days 20:00 hours
rlimit (soft/hard): STACK 8192k/65532k , CORE 0k/infinity , NPROC 1392/2088 , NOFILE 10240/infinity , AS infinity/infinity , CPU infinity/infinity , DATA infinity/infinity , FSIZE infinity/infinity , MEMLOCK infinity/infinity , RSS infinity/infinity
load average:1.94 2.18 2.48

CPU:total 8 (initial active 8) (4 cores per cpu, 2 threads per core) family 6 model 142 stepping 10 microcode 0xea, cmov, cx8, fxsr, mmx, sse, sse2, sse3, ssse3, sse4.1, sse4.2, popcnt, avx, avx2, aes, clmul, erms, 3dnowpref, lzcnt, ht, tsc, tscinvbit, bmi1, bmi2, adx, fma

Memory: 4k page, physical 8388608k(97112k free), swap 3145728k(1294848k free)

vm_info: OpenJDK 64-Bit Server VM (11.0.12+7) for bsd-amd64 JRE (11.0.12+7), built on Jul 21 2021 09:19:19 by "jenkins" with clang 4.2.1 Compatible Apple LLVM 10.0.1 (clang-1001.0.46.4)

END.
